<?xml version="1.0" encoding="UTF-8"?>
<robot generator="Robot 7.3.2 (Python 3.13.7 on win32)" generated="2026-02-18T14:51:07.773663" rpa="false" schemaversion="5">
<suite id="s1" name="Regression" source="c:\Users\PongsakornMadsen\Automate\etax-ui-tests\etax-ui-tests\tests\regression.robot">
<test id="s1-t1" name="[003-002] Generate Credit Note - CDS" line="174">
<kw name="Set Configs" owner="config" type="SETUP">
<kw name="Set Browser Config" owner="config">
<kw name="Get From Dictionary" owner="Collections">
<msg time="2026-02-18T14:51:08.496209" level="INFO">${browser_config} = {'headless': False, 'channel': 'chrome', 'viewport': {'width': 1920, 'height': 1080}}</msg>
<var>${browser_config}</var>
<arg>${BROWSERS}</arg>
<arg>${GLOBAL_BROWSER}</arg>
<doc>Returns a value from the given ``dictionary`` based on the given ``key``.</doc>
<status status="PASS" start="2026-02-18T14:51:08.495225" elapsed="0.006708"/>
</kw>
<if>
<branch type="IF" condition="'${GLOBAL_HEADLESS}' == '${None}'">
<kw name="Set Global Variable" owner="BuiltIn">
<msg time="2026-02-18T14:51:08.515454" level="INFO">${GLOBAL_BROWSER_HEADLESS} = False</msg>
<arg>${GLOBAL_BROWSER_HEADLESS}</arg>
<arg>${browser_config['headless']}</arg>
<doc>Makes a variable available globally in all tests and suites.</doc>
<status status="PASS" start="2026-02-18T14:51:08.503796" elapsed="0.012275"/>
</kw>
<status status="PASS" start="2026-02-18T14:51:08.502551" elapsed="0.013841"/>
</branch>
<branch type="ELSE">
<kw name="Set Global Variable" owner="BuiltIn">
<arg>${GLOBAL_BROWSER_HEADLESS}</arg>
<arg>${GLOBAL_HEADLESS}</arg>
<doc>Makes a variable available globally in all tests and suites.</doc>
<status status="NOT RUN" start="2026-02-18T14:51:08.517808" elapsed="0.001127"/>
</kw>
<status status="NOT RUN" start="2026-02-18T14:51:08.516622" elapsed="0.003064"/>
</branch>
<status status="PASS" start="2026-02-18T14:51:08.502463" elapsed="0.017550"/>
</if>
<kw name="Set Global Variable" owner="BuiltIn">
<msg time="2026-02-18T14:51:08.527926" level="INFO">${GLOBAL_VIEWPORT_WIDTH} = 1920</msg>
<arg>${GLOBAL_VIEWPORT_WIDTH}</arg>
<arg>${browser_config['viewport']['width']}</arg>
<doc>Makes a variable available globally in all tests and suites.</doc>
<status status="PASS" start="2026-02-18T14:51:08.520425" elapsed="0.007890"/>
</kw>
<kw name="Set Global Variable" owner="BuiltIn">
<msg time="2026-02-18T14:51:08.534244" level="INFO">${GLOBAL_VIEWPORT_HEIGHT} = 1080</msg>
<arg>${GLOBAL_VIEWPORT_HEIGHT}</arg>
<arg>${browser_config['viewport']['height']}</arg>
<doc>Makes a variable available globally in all tests and suites.</doc>
<status status="PASS" start="2026-02-18T14:51:08.528773" elapsed="0.005659"/>
</kw>
<status status="PASS" start="2026-02-18T14:51:08.493883" elapsed="0.040675"/>
</kw>
<kw name="Set Environment Config" owner="config">
<kw name="Get From Dictionary" owner="Collections">
<msg time="2026-02-18T14:51:08.535436" level="INFO">${env_config} = {'base_url': 'https://uat-etax-service.central.co.th/', 'users': [{'username': 'testsuperadmin', 'password': 'P@ssword1234'}]}</msg>
<var>${env_config}</var>
<arg>${ENVIRONMENTS}</arg>
<arg>${GLOBAL_ENVIRONMENT}</arg>
<doc>Returns a value from the given ``dictionary`` based on the given ``key``.</doc>
<status status="PASS" start="2026-02-18T14:51:08.535141" elapsed="0.000398"/>
</kw>
<kw name="Get From List" owner="Collections">
<msg time="2026-02-18T14:51:08.537021" level="INFO">${user} = {'username': 'testsuperadmin', 'password': 'P@ssword1234'}</msg>
<var>${user}</var>
<arg>${env_config['users']}</arg>
<arg>${GLOBAL_USER_INDEX}</arg>
<doc>Returns the value specified with an ``index`` from ``list``.</doc>
<status status="PASS" start="2026-02-18T14:51:08.535695" elapsed="0.001482"/>
</kw>
<kw name="Set Global Variable" owner="BuiltIn">
<msg time="2026-02-18T14:51:08.539390" level="INFO">${GLOBAL_BASE_URL} = https://uat-etax-service.central.co.th/</msg>
<arg>${GLOBAL_BASE_URL}</arg>
<arg>${env_config['base_url']}</arg>
<doc>Makes a variable available globally in all tests and suites.</doc>
<status status="PASS" start="2026-02-18T14:51:08.537423" elapsed="0.002074"/>
</kw>
<kw name="Set Global Variable" owner="BuiltIn">
<msg time="2026-02-18T14:51:08.541439" level="INFO">${GLOBAL_USERNAME} = testsuperadmin</msg>
<arg>${GLOBAL_USERNAME}</arg>
<arg>${user['username']}</arg>
<doc>Makes a variable available globally in all tests and suites.</doc>
<status status="PASS" start="2026-02-18T14:51:08.539624" elapsed="0.001904"/>
</kw>
<kw name="Set Global Variable" owner="BuiltIn">
<msg time="2026-02-18T14:51:08.543372" level="INFO">${GLOBAL_PASSWORD} = P@ssword1234</msg>
<arg>${GLOBAL_PASSWORD}</arg>
<arg>${user['password']}</arg>
<doc>Makes a variable available globally in all tests and suites.</doc>
<status status="PASS" start="2026-02-18T14:51:08.541642" elapsed="0.001814"/>
</kw>
<status status="PASS" start="2026-02-18T14:51:08.534735" elapsed="0.008805"/>
</kw>
<kw name="Set Test Config" owner="config">
<kw name="Set Global Variable" owner="BuiltIn">
<msg time="2026-02-18T14:51:08.546099" level="INFO">${GLOBAL_TIMEOUT_BROWSER} = 60s</msg>
<arg>${GLOBAL_TIMEOUT_BROWSER}</arg>
<arg>${TIMEOUTS['browser']}</arg>
<doc>Makes a variable available globally in all tests and suites.</doc>
<status status="PASS" start="2026-02-18T14:51:08.543907" elapsed="0.002336"/>
</kw>
<kw name="Set Global Variable" owner="BuiltIn">
<msg time="2026-02-18T14:51:08.548476" level="INFO">${GLOBAL_TIMEOUT_API} = 80s</msg>
<arg>${GLOBAL_TIMEOUT_API}</arg>
<arg>${TIMEOUTS['api']}</arg>
<doc>Makes a variable available globally in all tests and suites.</doc>
<status status="PASS" start="2026-02-18T14:51:08.546395" elapsed="0.002267"/>
</kw>
<kw name="Set Global Variable" owner="BuiltIn">
<msg time="2026-02-18T14:51:08.550885" level="INFO">${GLOBAL_TIMEOUT_VALIDATION} = 40s</msg>
<arg>${GLOBAL_TIMEOUT_VALIDATION}</arg>
<arg>${TIMEOUTS['validation']}</arg>
<doc>Makes a variable available globally in all tests and suites.</doc>
<status status="PASS" start="2026-02-18T14:51:08.548823" elapsed="0.002172"/>
</kw>
<kw name="Set Global Variable" owner="BuiltIn">
<msg time="2026-02-18T14:51:08.553190" level="INFO">${GLOBAL_TIMEOUT_LOADING} = 180s</msg>
<arg>${GLOBAL_TIMEOUT_LOADING}</arg>
<arg>${TIMEOUTS['loading']}</arg>
<doc>Makes a variable available globally in all tests and suites.</doc>
<status status="PASS" start="2026-02-18T14:51:08.551130" elapsed="0.002149"/>
</kw>
<kw name="Set Global Variable" owner="BuiltIn">
<msg time="2026-02-18T14:51:08.555349" level="INFO">${GLOBAL_TIMEOUT_DEBUG} = 1s</msg>
<arg>${GLOBAL_TIMEOUT_DEBUG}</arg>
<arg>${TIMEOUTS['debug']}</arg>
<doc>Makes a variable available globally in all tests and suites.</doc>
<status status="PASS" start="2026-02-18T14:51:08.553398" elapsed="0.002040"/>
</kw>
<status status="PASS" start="2026-02-18T14:51:08.543666" elapsed="0.011853"/>
</kw>
<kw name="Get Current Date" owner="DateTime">
<msg time="2026-02-18T14:51:08.555895" level="INFO">${current_datetime} = 20260218_145108</msg>
<var>${current_datetime}</var>
<arg>result_format=%Y%m%d_%H%M%S</arg>
<doc>Returns current local or UTC time with an optional increment.</doc>
<status status="PASS" start="2026-02-18T14:51:08.555625" elapsed="0.000337"/>
</kw>
<kw name="Set Global Variable" owner="BuiltIn">
<msg time="2026-02-18T14:51:08.557451" level="INFO">${GLOBAL_START_DATETIME} = 20260218_145108</msg>
<arg>${GLOBAL_START_DATETIME}</arg>
<arg>${current_datetime}</arg>
<doc>Makes a variable available globally in all tests and suites.</doc>
<status status="PASS" start="2026-02-18T14:51:08.556078" elapsed="0.001458"/>
</kw>
<kw name="Log To Console" owner="BuiltIn">
<arg>${\n}Robot Test Start</arg>
<doc>Logs the given message to the console.</doc>
<status status="PASS" start="2026-02-18T14:51:08.557649" elapsed="0.000408"/>
</kw>
<status status="PASS" start="2026-02-18T14:51:08.492773" elapsed="0.065395"/>
</kw>
<kw name="Set Global Variable" owner="BuiltIn">
<msg time="2026-02-18T14:51:08.558835" level="INFO">${G_SCENARIO} = generate-tax-invoice</msg>
<arg>${G_SCENARIO}</arg>
<arg>generate-tax-invoice</arg>
<doc>Makes a variable available globally in all tests and suites.</doc>
<status status="PASS" start="2026-02-18T14:51:08.558547" elapsed="0.000852"/>
</kw>
<kw name="Set Global Variable" owner="BuiltIn">
<msg time="2026-02-18T14:51:08.560726" level="INFO">${G_BU} = CDS</msg>
<arg>${G_BU}</arg>
<arg>CDS</arg>
<doc>Makes a variable available globally in all tests and suites.</doc>
<status status="PASS" start="2026-02-18T14:51:08.559922" elapsed="0.001031"/>
</kw>
<kw name="Set Global Variable" owner="BuiltIn">
<msg time="2026-02-18T14:51:08.562844" level="INFO">${G_LOCATION} = 10104</msg>
<arg>${G_LOCATION}</arg>
<arg>10104</arg>
<doc>Makes a variable available globally in all tests and suites.</doc>
<status status="PASS" start="2026-02-18T14:51:08.561916" elapsed="0.001345"/>
</kw>
<kw name="Set Global Variable" owner="BuiltIn">
<msg time="2026-02-18T14:51:08.565158" level="INFO">${G_TP_NO} = 454-063252</msg>
<arg>${G_TP_NO}</arg>
<arg>454-063252</arg>
<doc>Makes a variable available globally in all tests and suites.</doc>
<status status="PASS" start="2026-02-18T14:51:08.564299" elapsed="0.001180"/>
</kw>
<kw name="Set Global Variable" owner="BuiltIn">
<msg time="2026-02-18T14:51:08.567369" level="INFO">${G_RCPT_DATE} = 2026-02-09</msg>
<arg>${G_RCPT_DATE}</arg>
<arg>2026-02-09</arg>
<doc>Makes a variable available globally in all tests and suites.</doc>
<status status="PASS" start="2026-02-18T14:51:08.566489" elapsed="0.001202"/>
</kw>
<kw name="Test Steps" owner="config">
<kw name="Set Global Variable" owner="BuiltIn">
<msg time="2026-02-18T14:51:08.570199" level="INFO">${GLOBAL_STEP_NO} = 01</msg>
<arg>${GLOBAL_STEP_NO}</arg>
<arg>${steps-no}</arg>
<doc>Makes a variable available globally in all tests and suites.</doc>
<status status="PASS" start="2026-02-18T14:51:08.569535" elapsed="0.000861"/>
</kw>
<kw name="Set Global Variable" owner="BuiltIn">
<msg time="2026-02-18T14:51:08.571230" level="INFO">${GLOBAL_KEYWORD} = Login To ETax</msg>
<arg>${GLOBAL_KEYWORD}</arg>
<arg>${keyword}</arg>
<doc>Makes a variable available globally in all tests and suites.</doc>
<status status="PASS" start="2026-02-18T14:51:08.570640" elapsed="0.000782"/>
</kw>
<kw name="Log To Console" owner="BuiltIn">
<arg>Running Step ${steps-no}: ${keyword}...</arg>
<doc>Logs the given message to the console.</doc>
<status status="PASS" start="2026-02-18T14:51:08.571667" elapsed="0.000617"/>
</kw>
<kw name="Run Keyword" owner="BuiltIn">
<kw name="Login to Etax" owner="keywords">
<kw name="Open Browser and Navigate to Test Landing Page" owner="sub_keywords">
<kw name="New Browser" owner="Browser">
<msg time="2026-02-18T14:51:08.576025" level="INFO">{"browser": "chromium", "headless": false, "chromiumSandbox": false, "devtools": false, "handleSIGHUP": true, "handleSIGINT": true, "handleSIGTERM": true, "slowMo": 0.0, "timeout": 30000.0, "tracesDir": "c:\\Users\\PongsakornMadsen\\Automate\\etax-ui-tests\\browser\\traces\\temp\\fc20a667-c64f-4852-8c79-4efaeb3bc661"}</msg>
<msg time="2026-02-18T14:51:08.619753" level="INFO">Starting Browser process c:\Users\PongsakornMadsen\AppData\Local\Programs\Python\Python313\Lib\site-packages\Browser\wrapper\index.js using at 127.0.0.1:58459</msg>
<msg time="2026-02-18T14:51:09.519701" level="INFO">Successfully created browser with options: {"browser":"chromium","headless":false,"chromiumSandbox":false,"devtools":false,"handleSIGHUP":true,"handleSIGINT":true,"handleSIGTERM":true,"slowMo":0,"timeout":30000,"tracesDir":"c:\\Users\\PongsakornMadsen\\Automate\\etax-ui-tests\\browser\\traces\\temp\\fc20a667-c64f-4852-8c79-4efaeb3bc661"}</msg>
<arg>${GLOBAL_BROWSER}</arg>
<arg>headless=${GLOBAL_BROWSER_HEADLESS}</arg>
<tag>BrowserControl</tag>
<tag>Setter</tag>
<doc>Create a new playwright Browser with specified options.</doc>
<status status="PASS" start="2026-02-18T14:51:08.574778" elapsed="0.945524"/>
</kw>
<kw name="Set Browser Timeout" owner="Browser">
<msg time="2026-02-18T14:51:09.528653" level="INFO">${old_timeout} = 10 seconds</msg>
<var>${old_timeout}</var>
<arg>${GLOBAL_TIMEOUT_BROWSER}</arg>
<tag>Config</tag>
<tag>Setter</tag>
<doc>Sets the timeout used by most input and getter keywords.</doc>
<status status="PASS" start="2026-02-18T14:51:09.520785" elapsed="0.008253"/>
</kw>
<kw name="New Context" owner="Browser">
<msg time="2026-02-18T14:51:09.536933" level="INFO">{
  "acceptDownloads": true,
  "bypassCSP": false,
  "forcedColors": "none",
  "ignoreHTTPSErrors": false,
  "javaScriptEnabled": true,
  "offline": false,
  "reducedMotion": "no-preference",
  "serviceWorkers": "allow",
  "viewport": {
    "width": 1920,
    "height": 1080
  }
}</msg>
<msg time="2026-02-18T14:51:09.560435" level="INFO">Successfully created context. </msg>
<msg time="2026-02-18T14:51:09.560683" level="INFO">{'acceptDownloads': True, 'bypassCSP': False, 'forcedColors': 'none', 'ignoreHTTPSErrors': False, 'javaScriptEnabled': True, 'offline': False, 'reducedMotion': 'no-preference', 'serviceWorkers': 'allow', 'viewport': {'width': 1920, 'height': 1080}}</msg>
<arg>acceptDownloads=True</arg>
<arg>viewport={'width': ${GLOBAL_VIEWPORT_WIDTH}, 'height': ${GLOBAL_VIEWPORT_HEIGHT}}</arg>
<tag>BrowserControl</tag>
<tag>Setter</tag>
<doc>Create a new BrowserContext with specified options.</doc>
<status status="PASS" start="2026-02-18T14:51:09.529732" elapsed="0.031097"/>
</kw>
<kw name="New Page" owner="Browser">
<msg time="2026-02-18T14:51:13.488097" level="INFO">Successfully initialized new page object and opened url: https://uat-etax-service.central.co.th/</msg>
<arg>${GLOBAL_BASE_URL}</arg>
<tag>BrowserControl</tag>
<tag>Setter</tag>
<doc>Open a new Page.</doc>
<status status="PASS" start="2026-02-18T14:51:09.561068" elapsed="3.928182"/>
</kw>
<kw name="Set Global Variable" owner="BuiltIn">
<msg time="2026-02-18T14:51:13.491886" level="INFO">${GLOBAL_SUB_KEYWORD} = Go to Website</msg>
<arg>${GLOBAL_SUB_KEYWORD}</arg>
<arg>Go to Website</arg>
<doc>Makes a variable available globally in all tests and suites.</doc>
<status status="PASS" start="2026-02-18T14:51:13.490045" elapsed="0.002389"/>
</kw>
<kw name="Set Browser Timeout" owner="Browser">
<msg time="2026-02-18T14:51:13.505970" level="INFO">${old_timeout} = 1 minute</msg>
<var>${old_timeout}</var>
<arg>${GLOBAL_TIMEOUT_VALIDATION}</arg>
<tag>Config</tag>
<tag>Setter</tag>
<doc>Sets the timeout used by most input and getter keywords.</doc>
<status status="PASS" start="2026-02-18T14:51:13.493630" elapsed="0.013030"/>
</kw>
<status status="PASS" start="2026-02-18T14:51:08.573609" elapsed="4.933671"/>
</kw>
<kw name="Input Username" owner="sub_keywords">
<kw name="Fill Text Action" owner="custom_utils">
<kw name="Fill Text" owner="Browser">
<msg time="2026-02-18T14:51:13.518871" level="INFO">Fills the text 'testsuperadmin@dev-partner.central.co.th' in the given field.</msg>
<arg>${locator}</arg>
<arg>${text}</arg>
<tag>PageContent</tag>
<tag>Setter</tag>
<doc>Clears and fills the given ``txt`` into the text field found by ``selector``.</doc>
<status status="PASS" start="2026-02-18T14:51:13.515523" elapsed="0.455949"/>
</kw>
<kw name="Tracking And Wait Until Loading Done" owner="config">
<kw name="Set Global Variable" owner="BuiltIn">
<msg time="2026-02-18T14:51:13.974990" level="INFO">${GLOBAL_LOCATOR} = id=email</msg>
<arg>${GLOBAL_LOCATOR}</arg>
<arg>${locator}</arg>
<doc>Makes a variable available globally in all tests and suites.</doc>
<status status="PASS" start="2026-02-18T14:51:13.973571" elapsed="0.001906"/>
</kw>
<kw name="Set Global Variable" owner="BuiltIn">
<msg time="2026-02-18T14:51:13.977198" level="INFO">${GLOBAL_SUB_KEYWORD} = Input Username</msg>
<arg>${GLOBAL_SUB_KEYWORD}</arg>
<arg>${sub-keyword}</arg>
<doc>Makes a variable available globally in all tests and suites.</doc>
<status status="PASS" start="2026-02-18T14:51:13.976023" elapsed="0.001601"/>
</kw>
<arg>${locator}</arg>
<arg>${sub-keyword}</arg>
<arg>${loading-locator}</arg>
<status status="PASS" start="2026-02-18T14:51:13.972216" elapsed="0.005914"/>
</kw>
<arg>${LOC_USERNAME_FIELD}</arg>
<arg>${username}</arg>
<arg>Input Username</arg>
<status status="PASS" start="2026-02-18T14:51:13.511477" elapsed="0.467337"/>
</kw>
<arg>testsuperadmin@dev-partner.central.co.th</arg>
<status status="PASS" start="2026-02-18T14:51:13.508283" elapsed="0.470916"/>
</kw>
<kw name="Input Password" owner="sub_keywords">
<kw name="Fill Text Action" owner="custom_utils">
<kw name="Fill Text" owner="Browser">
<msg time="2026-02-18T14:51:13.983947" level="INFO">Fills the text 'P@ssword1234' in the given field.</msg>
<arg>${locator}</arg>
<arg>${text}</arg>
<tag>PageContent</tag>
<tag>Setter</tag>
<doc>Clears and fills the given ``txt`` into the text field found by ``selector``.</doc>
<status status="PASS" start="2026-02-18T14:51:13.982326" elapsed="0.040195"/>
</kw>
<kw name="Tracking And Wait Until Loading Done" owner="config">
<kw name="Set Global Variable" owner="BuiltIn">
<msg time="2026-02-18T14:51:14.024873" level="INFO">${GLOBAL_LOCATOR} = id=password</msg>
<arg>${GLOBAL_LOCATOR}</arg>
<arg>${locator}</arg>
<doc>Makes a variable available globally in all tests and suites.</doc>
<status status="PASS" start="2026-02-18T14:51:14.024106" elapsed="0.001154"/>
</kw>
<kw name="Set Global Variable" owner="BuiltIn">
<msg time="2026-02-18T14:51:14.026907" level="INFO">${GLOBAL_SUB_KEYWORD} = Input Password</msg>
<arg>${GLOBAL_SUB_KEYWORD}</arg>
<arg>${sub-keyword}</arg>
<doc>Makes a variable available globally in all tests and suites.</doc>
<status status="PASS" start="2026-02-18T14:51:14.025827" elapsed="0.001438"/>
</kw>
<arg>${locator}</arg>
<arg>${sub-keyword}</arg>
<arg>${loading-locator}</arg>
<status status="PASS" start="2026-02-18T14:51:14.023089" elapsed="0.004522"/>
</kw>
<arg>${LOC_PASSWORD_FIELD}</arg>
<arg>${password}</arg>
<arg>Input Password</arg>
<status status="PASS" start="2026-02-18T14:51:13.980996" elapsed="0.046934"/>
</kw>
<arg>P@ssword1234</arg>
<status status="PASS" start="2026-02-18T14:51:13.979687" elapsed="0.048517"/>
</kw>
<kw name="Click Login" owner="sub_keywords">
<kw name="Click Action" owner="custom_utils">
<kw name="Click" owner="Browser">
<msg time="2026-02-18T14:51:14.031750" level="INFO">Clicks the element 'id=next'.</msg>
<arg>${locator}</arg>
<tag>PageContent</tag>
<tag>Setter</tag>
<doc>Simulates mouse click on the element found by ``selector``.</doc>
<status status="PASS" start="2026-02-18T14:51:14.030422" elapsed="0.246264"/>
</kw>
<kw name="Tracking And Wait Until Loading Done" owner="config">
<kw name="Set Global Variable" owner="BuiltIn">
<msg time="2026-02-18T14:51:14.280923" level="INFO">${GLOBAL_LOCATOR} = id=next</msg>
<arg>${GLOBAL_LOCATOR}</arg>
<arg>${locator}</arg>
<doc>Makes a variable available globally in all tests and suites.</doc>
<status status="PASS" start="2026-02-18T14:51:14.278945" elapsed="0.002657"/>
</kw>
<kw name="Set Global Variable" owner="BuiltIn">
<msg time="2026-02-18T14:51:14.283005" level="INFO">${GLOBAL_SUB_KEYWORD} = Click Login</msg>
<arg>${GLOBAL_SUB_KEYWORD}</arg>
<arg>${sub-keyword}</arg>
<doc>Makes a variable available globally in all tests and suites.</doc>
<status status="PASS" start="2026-02-18T14:51:14.282033" elapsed="0.001301"/>
</kw>
<arg>${locator}</arg>
<arg>${sub-keyword}</arg>
<arg>${loading-locator}</arg>
<status status="PASS" start="2026-02-18T14:51:14.277273" elapsed="0.006373"/>
</kw>
<arg>${LOC_LOGIN_BUTTON}</arg>
<arg>Click Login</arg>
<status status="PASS" start="2026-02-18T14:51:14.029516" elapsed="0.254401"/>
</kw>
<status status="PASS" start="2026-02-18T14:51:14.028596" elapsed="0.255635"/>
</kw>
<kw name="Validate Login Successfully" owner="sub_keywords">
<kw name="Evaluate" owner="BuiltIn">
<msg time="2026-02-18T14:51:14.286590" level="INFO">${upper-username} = TESTSUPERADMIN</msg>
<var>${upper-username}</var>
<arg>'${username}'.upper()</arg>
<doc>Evaluates the given expression in Python and returns the result.</doc>
<status status="PASS" start="2026-02-18T14:51:14.285493" elapsed="0.001356"/>
</kw>
<kw name="Validate Element State Action" owner="custom_utils">
<kw name="Wait For Elements State" owner="Browser">
<msg time="2026-02-18T14:51:17.835986" level="INFO">Waited for Element with selector text=TESTSUPERADMIN at state visible</msg>
<arg>${locator}</arg>
<arg>${state}</arg>
<arg>${timeouts}</arg>
<tag>PageContent</tag>
<tag>Wait</tag>
<doc>Waits for the element found by ``selector`` to satisfy state option.</doc>
<status status="PASS" start="2026-02-18T14:51:14.288878" elapsed="3.547849"/>
</kw>
<kw name="Tracking" owner="config">
<kw name="Set Global Variable" owner="BuiltIn">
<msg time="2026-02-18T14:51:17.840640" level="INFO">${GLOBAL_LOCATOR} = text=TESTSUPERADMIN</msg>
<arg>${GLOBAL_LOCATOR}</arg>
<arg>${locator}</arg>
<doc>Makes a variable available globally in all tests and suites.</doc>
<status status="PASS" start="2026-02-18T14:51:17.839167" elapsed="0.001826"/>
</kw>
<kw name="Set Global Variable" owner="BuiltIn">
<msg time="2026-02-18T14:51:17.842673" level="INFO">${GLOBAL_SUB_KEYWORD} = Validate Login Successfully</msg>
<arg>${GLOBAL_SUB_KEYWORD}</arg>
<arg>${sub-keyword}</arg>
<doc>Makes a variable available globally in all tests and suites.</doc>
<status status="PASS" start="2026-02-18T14:51:17.841393" elapsed="0.002140"/>
</kw>
<arg>${locator}</arg>
<arg>${sub-keyword}</arg>
<status status="PASS" start="2026-02-18T14:51:17.837529" elapsed="0.006668"/>
</kw>
<arg>text=${upper-username}</arg>
<arg>sub-keyword=Validate Login Successfully</arg>
<status status="PASS" start="2026-02-18T14:51:14.287353" elapsed="3.557304"/>
</kw>
<arg>testsuperadmin</arg>
<status status="PASS" start="2026-02-18T14:51:14.284668" elapsed="3.560465"/>
</kw>
<arg>@{arguments}</arg>
<status status="PASS" start="2026-02-18T14:51:08.572952" elapsed="9.272700"/>
</kw>
<msg time="2026-02-18T14:51:17.846270" level="INFO">${result} = None</msg>
<var>${result}</var>
<arg>${keyword}</arg>
<arg>@{arguments}</arg>
<doc>Executes the given keyword with the given arguments.</doc>
<status status="PASS" start="2026-02-18T14:51:08.572486" elapsed="9.274126"/>
</kw>
<arg>01</arg>
<arg>Login To ETax</arg>
<status status="PASS" start="2026-02-18T14:51:08.568579" elapsed="9.278464"/>
</kw>
<kw name="Test Steps" owner="config">
<kw name="Set Global Variable" owner="BuiltIn">
<msg time="2026-02-18T14:51:17.852552" level="INFO">${GLOBAL_STEP_NO} = 02</msg>
<arg>${GLOBAL_STEP_NO}</arg>
<arg>${steps-no}</arg>
<doc>Makes a variable available globally in all tests and suites.</doc>
<status status="PASS" start="2026-02-18T14:51:17.850877" elapsed="0.002358"/>
</kw>
<kw name="Set Global Variable" owner="BuiltIn">
<msg time="2026-02-18T14:51:17.856342" level="INFO">${GLOBAL_KEYWORD} = Select Location for User Admin</msg>
<arg>${GLOBAL_KEYWORD}</arg>
<arg>${keyword}</arg>
<doc>Makes a variable available globally in all tests and suites.</doc>
<status status="PASS" start="2026-02-18T14:51:17.854315" elapsed="0.002443"/>
</kw>
<kw name="Log To Console" owner="BuiltIn">
<arg>Running Step ${steps-no}: ${keyword}...</arg>
<doc>Logs the given message to the console.</doc>
<status status="PASS" start="2026-02-18T14:51:17.857236" elapsed="0.001081"/>
</kw>
<kw name="Run Keyword" owner="BuiltIn">
<kw name="Select Location for User Admin" owner="keywords">
<kw name="Select Location from List on Header" owner="sub_keywords">
<kw name="Wait For Elements State" owner="Browser">
<msg time="2026-02-18T14:51:19.254227" level="INFO">Waited for Element with selector //ion-loading at state hidden</msg>
<arg>${DEFAULT_LOADING_LOCATOR}</arg>
<arg>hidden</arg>
<arg>timeout=${GLOBAL_TIMEOUT_LOADING}</arg>
<tag>PageContent</tag>
<tag>Wait</tag>
<doc>Waits for the element found by ``selector`` to satisfy state option.</doc>
<status status="PASS" start="2026-02-18T14:51:17.865065" elapsed="1.390151"/>
</kw>
<kw name="Click Action" owner="custom_utils">
<kw name="Click" owner="Browser">
<msg time="2026-02-18T14:51:19.261495" level="INFO">Clicks the element '//mat-form-field'.</msg>
<arg>${locator}</arg>
<tag>PageContent</tag>
<tag>Setter</tag>
<doc>Simulates mouse click on the element found by ``selector``.</doc>
<status status="PASS" start="2026-02-18T14:51:19.258505" elapsed="0.245622"/>
</kw>
<kw name="Tracking And Wait Until Loading Done" owner="config">
<kw name="Set Global Variable" owner="BuiltIn">
<msg time="2026-02-18T14:51:19.506204" level="INFO">${GLOBAL_LOCATOR} = //mat-form-field</msg>
<arg>${GLOBAL_LOCATOR}</arg>
<arg>${locator}</arg>
<doc>Makes a variable available globally in all tests and suites.</doc>
<status status="PASS" start="2026-02-18T14:51:19.505523" elapsed="0.000963"/>
</kw>
<kw name="Set Global Variable" owner="BuiltIn">
<msg time="2026-02-18T14:51:19.508555" level="INFO">${GLOBAL_SUB_KEYWORD} = Click User Location Dropdown</msg>
<arg>${GLOBAL_SUB_KEYWORD}</arg>
<arg>${sub-keyword}</arg>
<doc>Makes a variable available globally in all tests and suites.</doc>
<status status="PASS" start="2026-02-18T14:51:19.506991" elapsed="0.002107"/>
</kw>
<arg>${locator}</arg>
<arg>${sub-keyword}</arg>
<arg>${loading-locator}</arg>
<status status="PASS" start="2026-02-18T14:51:19.504673" elapsed="0.004856"/>
</kw>
<arg>//mat-form-field</arg>
<arg>Click User Location Dropdown</arg>
<status status="PASS" start="2026-02-18T14:51:19.256223" elapsed="0.253729"/>
</kw>
<kw name="Click Action" owner="custom_utils">
<kw name="Click" owner="Browser">
<msg time="2026-02-18T14:51:19.514563" level="INFO">Clicks the element '(//span[contains(text()," 10104")]/.. | //span[contains(text(),"( 010104)")]/..)[1]'.</msg>
<arg>${locator}</arg>
<tag>PageContent</tag>
<tag>Setter</tag>
<doc>Simulates mouse click on the element found by ``selector``.</doc>
<status status="PASS" start="2026-02-18T14:51:19.512759" elapsed="0.357765"/>
</kw>
<kw name="Tracking And Wait Until Loading Done" owner="config">
<kw name="Set Global Variable" owner="BuiltIn">
<msg time="2026-02-18T14:51:19.872283" level="INFO">${GLOBAL_LOCATOR} = (//span[contains(text()," 10104")]/.. | //span[contains(text(),"( 010104)")]/..)[1]</msg>
<arg>${GLOBAL_LOCATOR}</arg>
<arg>${locator}</arg>
<doc>Makes a variable available globally in all tests and suites.</doc>
<status status="PASS" start="2026-02-18T14:51:19.871704" elapsed="0.000822"/>
</kw>
<kw name="Set Global Variable" owner="BuiltIn">
<msg time="2026-02-18T14:51:19.873425" level="INFO">${GLOBAL_SUB_KEYWORD} = Click Select Location From List</msg>
<arg>${GLOBAL_SUB_KEYWORD}</arg>
<arg>${sub-keyword}</arg>
<doc>Makes a variable available globally in all tests and suites.</doc>
<status status="PASS" start="2026-02-18T14:51:19.872782" elapsed="0.000878"/>
</kw>
<arg>${locator}</arg>
<arg>${sub-keyword}</arg>
<arg>${loading-locator}</arg>
<status status="PASS" start="2026-02-18T14:51:19.870953" elapsed="0.002934"/>
</kw>
<arg>(//span[contains(text(),"${location-text}")]/.. | //span[contains(text(),"${location-text2}")]/..)[1]</arg>
<arg>Click Select Location From List</arg>
<status status="PASS" start="2026-02-18T14:51:19.510691" elapsed="0.363405"/>
</kw>
<arg>${SPACE}${loc}</arg>
<arg>(${SPACE}0${loc})</arg>
<status status="PASS" start="2026-02-18T14:51:17.862910" elapsed="2.011376"/>
</kw>
<kw name="Validate Login with User Location Successfully" owner="sub_keywords">
<kw name="Reload" owner="Browser">
<msg time="2026-02-18T14:51:20.391601" level="INFO">Reloaded page with options: {"waitUntil": "load"}</msg>
<tag>BrowserControl</tag>
<tag>Setter</tag>
<doc>Reloads current active page.</doc>
<status status="PASS" start="2026-02-18T14:51:19.875528" elapsed="0.516937"/>
</kw>
<kw name="Validate Text Action" owner="custom_utils">
<kw name="Wait For Condition" owner="Browser">
<kw name="Get Text" owner="Browser">
<msg time="2026-02-18T14:51:21.813330" level="INFO">Text: '10104 (POS) บริษัท สรรพสินค้าเซ็นทรัล จำกัด สาขาลาดพร้าว'</msg>
<arg>//body/app-root/ion-app/ion-router-outlet/app-home/ion-header/ion-toolbar/ion-row/ion-col[2]/div/mat-form-field/div/div[1]/div/mat-select/div/div[1]/span/span</arg>
<arg>contains</arg>
<arg>10104</arg>
<arg>40s</arg>
<tag>Assertion</tag>
<tag>Getter</tag>
<tag>PageContent</tag>
<doc>Returns text attribute of the element found by ``selector``.</doc>
<status status="PASS" start="2026-02-18T14:51:20.404434" elapsed="1.409508"/>
</kw>
<arg>Text</arg>
<arg>${locator}</arg>
<arg>${operator}</arg>
<arg>${text}</arg>
<arg>${timeouts}</arg>
<tag>PageContent</tag>
<tag>Wait</tag>
<doc>Waits for a condition, defined with Browser getter keywords to become True.</doc>
<status status="PASS" start="2026-02-18T14:51:20.394935" elapsed="1.419722"/>
</kw>
<kw name="Tracking" owner="config">
<kw name="Set Global Variable" owner="BuiltIn">
<msg time="2026-02-18T14:51:21.817975" level="INFO">${GLOBAL_LOCATOR} = //body/app-root/ion-app/ion-router-outlet/app-home/ion-header/ion-toolbar/ion-row/ion-col[2]/div/mat-form-field/div/div[1]/div/mat-select/div/div[1]/span/span</msg>
<arg>${GLOBAL_LOCATOR}</arg>
<arg>${locator}</arg>
<doc>Makes a variable available globally in all tests and suites.</doc>
<status status="PASS" start="2026-02-18T14:51:21.816939" elapsed="0.001309"/>
</kw>
<kw name="Set Global Variable" owner="BuiltIn">
<msg time="2026-02-18T14:51:21.819201" level="INFO">${GLOBAL_SUB_KEYWORD} = Validate Login with User Location Successfully</msg>
<arg>${GLOBAL_SUB_KEYWORD}</arg>
<arg>${sub-keyword}</arg>
<doc>Makes a variable available globally in all tests and suites.</doc>
<status status="PASS" start="2026-02-18T14:51:21.818583" elapsed="0.000847"/>
</kw>
<arg>${locator}</arg>
<arg>${sub-keyword}</arg>
<status status="PASS" start="2026-02-18T14:51:21.815159" elapsed="0.004469"/>
</kw>
<arg>${LOC_HEADER_USER_LOCATION}</arg>
<arg>${location-text}</arg>
<arg>contains</arg>
<arg>Validate Login with User Location Successfully</arg>
<status status="PASS" start="2026-02-18T14:51:20.393106" elapsed="1.426704"/>
</kw>
<arg>${loc}</arg>
<status status="PASS" start="2026-02-18T14:51:19.874748" elapsed="1.945242"/>
</kw>
<arg>@{arguments}</arg>
<status status="PASS" start="2026-02-18T14:51:17.860906" elapsed="3.959230"/>
</kw>
<msg time="2026-02-18T14:51:21.820397" level="INFO">${result} = None</msg>
<var>${result}</var>
<arg>${keyword}</arg>
<arg>@{arguments}</arg>
<doc>Executes the given keyword with the given arguments.</doc>
<status status="PASS" start="2026-02-18T14:51:17.858742" elapsed="3.961846"/>
</kw>
<arg>02</arg>
<arg>Select Location for User Admin</arg>
<arg>${G_LOCATION}</arg>
<status status="PASS" start="2026-02-18T14:51:17.848869" elapsed="3.971932"/>
</kw>
<kw name="Test Steps" owner="config">
<kw name="Set Global Variable" owner="BuiltIn">
<msg time="2026-02-18T14:51:21.823077" level="INFO">${GLOBAL_STEP_NO} = 03</msg>
<arg>${GLOBAL_STEP_NO}</arg>
<arg>${steps-no}</arg>
<doc>Makes a variable available globally in all tests and suites.</doc>
<status status="PASS" start="2026-02-18T14:51:21.822339" elapsed="0.000972"/>
</kw>
<kw name="Set Global Variable" owner="BuiltIn">
<msg time="2026-02-18T14:51:21.824060" level="INFO">${GLOBAL_KEYWORD} = Go To Credit Note Menu</msg>
<arg>${GLOBAL_KEYWORD}</arg>
<arg>${keyword}</arg>
<doc>Makes a variable available globally in all tests and suites.</doc>
<status status="PASS" start="2026-02-18T14:51:21.823598" elapsed="0.000637"/>
</kw>
<kw name="Log To Console" owner="BuiltIn">
<arg>Running Step ${steps-no}: ${keyword}...</arg>
<doc>Logs the given message to the console.</doc>
<status status="PASS" start="2026-02-18T14:51:21.824478" elapsed="0.002062"/>
</kw>
<kw name="Run Keyword" owner="BuiltIn">
<kw name="Go To Credit Note Menu" owner="keywords">
<kw name="Click Credit Note Menu" owner="sub_keywords">
<kw name="Click Action" owner="custom_utils">
<kw name="Click" owner="Browser">
<msg time="2026-02-18T14:51:21.832038" level="INFO">Clicks the element '//ion-content/ion-row/ion-col/div/ion-row[3]/ion-col[2]/ion-button'.</msg>
<arg>${locator}</arg>
<tag>PageContent</tag>
<tag>Setter</tag>
<doc>Simulates mouse click on the element found by ``selector``.</doc>
<status status="PASS" start="2026-02-18T14:51:21.830947" elapsed="0.115094"/>
</kw>
<kw name="Tracking And Wait Until Loading Done" owner="config">
<kw name="Set Global Variable" owner="BuiltIn">
<msg time="2026-02-18T14:51:21.948786" level="INFO">${GLOBAL_LOCATOR} = //ion-content/ion-row/ion-col/div/ion-row[3]/ion-col[2]/ion-button</msg>
<arg>${GLOBAL_LOCATOR}</arg>
<arg>${locator}</arg>
<doc>Makes a variable available globally in all tests and suites.</doc>
<status status="PASS" start="2026-02-18T14:51:21.947863" elapsed="0.001279"/>
</kw>
<kw name="Set Global Variable" owner="BuiltIn">
<msg time="2026-02-18T14:51:21.950501" level="INFO">${GLOBAL_SUB_KEYWORD} = Click Credit Note Menu</msg>
<arg>${GLOBAL_SUB_KEYWORD}</arg>
<arg>${sub-keyword}</arg>
<doc>Makes a variable available globally in all tests and suites.</doc>
<status status="PASS" start="2026-02-18T14:51:21.949614" elapsed="0.001196"/>
</kw>
<arg>${locator}</arg>
<arg>${sub-keyword}</arg>
<arg>${loading-locator}</arg>
<status status="PASS" start="2026-02-18T14:51:21.946817" elapsed="0.004290"/>
</kw>
<arg>${LOC_HOME_BUTTON_CREDIT_NOTE}</arg>
<arg>Click Credit Note Menu</arg>
<status status="PASS" start="2026-02-18T14:51:21.829301" elapsed="0.122069"/>
</kw>
<status status="PASS" start="2026-02-18T14:51:21.828362" elapsed="0.123190"/>
</kw>
<arg>@{arguments}</arg>
<status status="PASS" start="2026-02-18T14:51:21.827530" elapsed="0.124201"/>
</kw>
<msg time="2026-02-18T14:51:21.951977" level="INFO">${result} = None</msg>
<var>${result}</var>
<arg>${keyword}</arg>
<arg>@{arguments}</arg>
<doc>Executes the given keyword with the given arguments.</doc>
<status status="PASS" start="2026-02-18T14:51:21.826859" elapsed="0.125280"/>
</kw>
<arg>03</arg>
<arg>Go To Credit Note Menu</arg>
<status status="PASS" start="2026-02-18T14:51:21.821606" elapsed="0.130722"/>
</kw>
<kw name="Test Steps" owner="config">
<kw name="Set Global Variable" owner="BuiltIn">
<msg time="2026-02-18T14:51:21.959085" level="INFO">${GLOBAL_STEP_NO} = 04</msg>
<arg>${GLOBAL_STEP_NO}</arg>
<arg>${steps-no}</arg>
<doc>Makes a variable available globally in all tests and suites.</doc>
<status status="PASS" start="2026-02-18T14:51:21.958210" elapsed="0.001252"/>
</kw>
<kw name="Set Global Variable" owner="BuiltIn">
<msg time="2026-02-18T14:51:21.960668" level="INFO">${GLOBAL_KEYWORD} = Search Credit Note</msg>
<arg>${GLOBAL_KEYWORD}</arg>
<arg>${keyword}</arg>
<doc>Makes a variable available globally in all tests and suites.</doc>
<status status="PASS" start="2026-02-18T14:51:21.959833" elapsed="0.001300"/>
</kw>
<kw name="Log To Console" owner="BuiltIn">
<arg>Running Step ${steps-no}: ${keyword}...</arg>
<doc>Logs the given message to the console.</doc>
<status status="PASS" start="2026-02-18T14:51:21.961533" elapsed="0.004034"/>
</kw>
<kw name="Run Keyword" owner="BuiltIn">
<kw name="Search Credit Note" owner="keywords">
<kw name="Input TP NO for CN" owner="sub_keywords">
<kw name="Sleep" owner="BuiltIn">
<msg time="2026-02-18T14:51:22.972846" level="INFO">Slept 1 second.</msg>
<arg>1s</arg>
<doc>Pauses the test executed for the given time.</doc>
<status status="PASS" start="2026-02-18T14:51:21.970589" elapsed="1.002874"/>
</kw>
<kw name="Fill Text Action" owner="custom_utils">
<kw name="Fill Text" owner="Browser">
<msg time="2026-02-18T14:51:22.977927" level="INFO">Fills the text '454-063252' in the given field.</msg>
<arg>${locator}</arg>
<arg>${text}</arg>
<tag>PageContent</tag>
<tag>Setter</tag>
<doc>Clears and fills the given ``txt`` into the text field found by ``selector``.</doc>
<status status="PASS" start="2026-02-18T14:51:22.976412" elapsed="0.031651"/>
</kw>
<kw name="Tracking And Wait Until Loading Done" owner="config">
<kw name="Set Global Variable" owner="BuiltIn">
<msg time="2026-02-18T14:51:23.014822" level="INFO">${GLOBAL_LOCATOR} = //ion-label[contains(text(),"ระบุ: เลขที่ใบกำกับภาษีรูปแบบย่อ/Return Receipt")]/../ion-input/input[@name="ion-input-0"]</msg>
<arg>${GLOBAL_LOCATOR}</arg>
<arg>${locator}</arg>
<doc>Makes a variable available globally in all tests and suites.</doc>
<status status="PASS" start="2026-02-18T14:51:23.011871" elapsed="0.003819"/>
</kw>
<kw name="Set Global Variable" owner="BuiltIn">
<msg time="2026-02-18T14:51:23.018587" level="INFO">${GLOBAL_SUB_KEYWORD} = Input TP NO for CN</msg>
<arg>${GLOBAL_SUB_KEYWORD}</arg>
<arg>${sub-keyword}</arg>
<doc>Makes a variable available globally in all tests and suites.</doc>
<status status="PASS" start="2026-02-18T14:51:23.016865" elapsed="0.002424"/>
</kw>
<arg>${locator}</arg>
<arg>${sub-keyword}</arg>
<arg>${loading-locator}</arg>
<status status="PASS" start="2026-02-18T14:51:23.008911" elapsed="0.010930"/>
</kw>
<arg>${LOC_CN_SEARCH_TP_NO}</arg>
<arg>${tp-no}</arg>
<arg>Input TP NO for CN</arg>
<status status="PASS" start="2026-02-18T14:51:22.974095" elapsed="0.046369"/>
</kw>
<arg>${tp-no}</arg>
<status status="PASS" start="2026-02-18T14:51:21.969565" elapsed="1.052308"/>
</kw>
<kw name="Select Receipt Date" owner="sub_keywords">
<kw name="Click Action" owner="custom_utils">
<kw name="Click" owner="Browser">
<msg time="2026-02-18T14:51:23.028346" level="INFO">Clicks the element '((//ion-content/ion-row[5]/ion-col/ion-row[2]/button | //ion-content/ion-row/ion-col/ion-row/ion-col[3]/ion-row[2]/button | //ion-content/ion-row[4]/ion-col/ion-row[2]/button)[1] | //app-report/ion-content/form/div/div[2]/div[1]/mat-form-field/div/div[1]/div[2]/mat-datepicker-toggle/button | //app-resend/ion-content/form/div/div[2]/div[1]/mat-form-field/div/div[1]/div[2]/mat-datepicker-toggle/button)[1]'.</msg>
<arg>${locator}</arg>
<tag>PageContent</tag>
<tag>Setter</tag>
<doc>Simulates mouse click on the element found by ``selector``.</doc>
<status status="PASS" start="2026-02-18T14:51:23.026076" elapsed="0.093598"/>
</kw>
<kw name="Tracking And Wait Until Loading Done" owner="config">
<kw name="Set Global Variable" owner="BuiltIn">
<msg time="2026-02-18T14:51:23.122118" level="INFO">${GLOBAL_LOCATOR} = ((//ion-content/ion-row[5]/ion-col/ion-row[2]/button | //ion-content/ion-row/ion-col/ion-row/ion-col[3]/ion-row[2]/button | //ion-content/ion-row[4]/ion-col/ion-row[2]/button)[1] | //app-report/ion-co...</msg>
<arg>${GLOBAL_LOCATOR}</arg>
<arg>${locator}</arg>
<doc>Makes a variable available globally in all tests and suites.</doc>
<status status="PASS" start="2026-02-18T14:51:23.121639" elapsed="0.000666"/>
</kw>
<kw name="Set Global Variable" owner="BuiltIn">
<msg time="2026-02-18T14:51:23.123999" level="INFO">${GLOBAL_SUB_KEYWORD} = Click Calendar Icon</msg>
<arg>${GLOBAL_SUB_KEYWORD}</arg>
<arg>${sub-keyword}</arg>
<doc>Makes a variable available globally in all tests and suites.</doc>
<status status="PASS" start="2026-02-18T14:51:23.122923" elapsed="0.001497"/>
</kw>
<arg>${locator}</arg>
<arg>${sub-keyword}</arg>
<arg>${loading-locator}</arg>
<status status="PASS" start="2026-02-18T14:51:23.120243" elapsed="0.004719"/>
</kw>
<arg>((${LOC_SEARCH_TPNO_FIELD_DATE} | ${LOC_CN_SEARCH_FIELD_DATE} | //ion-content/ion-row[4]/ion-col/ion-row[2]/button)[1] | //app-report/ion-content/form/div/div[2]/div[1]/mat-form-field/div/div[1]/div[2]/mat-datepicker-toggle/button | //app-resend/ion-content/form/div/div[2]/div[1]/mat-form-field/div/div[1]/div[2]/mat-datepicker-toggle/button)[1]</arg>
<arg>Click Calendar Icon</arg>
<status status="PASS" start="2026-02-18T14:51:23.023990" elapsed="0.101500"/>
</kw>
<kw name="Create List" owner="BuiltIn">
<msg time="2026-02-18T14:51:23.127293" level="INFO">${month_map} = ['null', 'January', 'February', 'March', 'April', 'May', 'June', 'July', 'August', 'September', '1October', 'November', 'December']</msg>
<var>${month_map}</var>
<arg>null</arg>
<arg>January</arg>
<arg>February</arg>
<arg>March</arg>
<arg>April</arg>
<arg>May</arg>
<arg>June</arg>
<arg>July</arg>
<arg>August</arg>
<arg>September</arg>
<arg>1October</arg>
<arg>November</arg>
<arg>December</arg>
<doc>Returns a list containing given items.</doc>
<status status="PASS" start="2026-02-18T14:51:23.126026" elapsed="0.001519"/>
</kw>
<kw name="Split String" owner="String">
<msg time="2026-02-18T14:51:23.128738" level="INFO">${year} = 2026</msg>
<msg time="2026-02-18T14:51:23.129026" level="INFO">${month} = 02</msg>
<msg time="2026-02-18T14:51:23.129350" level="INFO">${day} = 09</msg>
<var>${year}</var>
<var>${month}</var>
<var>${day}</var>
<arg>${rcpt-date}</arg>
<arg>-</arg>
<doc>Splits the ``string`` using ``separator`` as a delimiter string.</doc>
<status status="PASS" start="2026-02-18T14:51:23.127987" elapsed="0.001567"/>
</kw>
<kw name="Evaluate" owner="BuiltIn">
<msg time="2026-02-18T14:51:23.130127" level="INFO">${year} = 2026</msg>
<var>${year}</var>
<arg>int(${year})</arg>
<doc>Evaluates the given expression in Python and returns the result.</doc>
<status status="PASS" start="2026-02-18T14:51:23.129766" elapsed="0.000446"/>
</kw>
<kw name="Evaluate" owner="BuiltIn">
<msg time="2026-02-18T14:51:23.130634" level="INFO">${month} = 2</msg>
<var>${month}</var>
<arg>int("${month}")</arg>
<doc>Evaluates the given expression in Python and returns the result.</doc>
<status status="PASS" start="2026-02-18T14:51:23.130354" elapsed="0.000353"/>
</kw>
<kw name="Evaluate" owner="BuiltIn">
<msg time="2026-02-18T14:51:23.131107" level="INFO">${day} = 9</msg>
<var>${day}</var>
<arg>int("${day}")</arg>
<doc>Evaluates the given expression in Python and returns the result.</doc>
<status status="PASS" start="2026-02-18T14:51:23.130828" elapsed="0.000349"/>
</kw>
<kw name="Get From List" owner="Collections">
<msg time="2026-02-18T14:51:23.131525" level="INFO">${month_name} = February</msg>
<var>${month_name}</var>
<arg>${month_map}</arg>
<arg>${month}</arg>
<doc>Returns the value specified with an ``index`` from ``list``.</doc>
<status status="PASS" start="2026-02-18T14:51:23.131298" elapsed="0.000301"/>
</kw>
<kw name="Click Action" owner="custom_utils">
<kw name="Click" owner="Browser">
<msg time="2026-02-18T14:51:23.132471" level="INFO">Clicks the element '//button[@aria-label="Choose month and year"]'.</msg>
<arg>${locator}</arg>
<tag>PageContent</tag>
<tag>Setter</tag>
<doc>Simulates mouse click on the element found by ``selector``.</doc>
<status status="PASS" start="2026-02-18T14:51:23.132120" elapsed="0.282912"/>
</kw>
<kw name="Tracking And Wait Until Loading Done" owner="config">
<kw name="Set Global Variable" owner="BuiltIn">
<msg time="2026-02-18T14:51:23.418142" level="INFO">${GLOBAL_LOCATOR} = //button[@aria-label="Choose month and year"]</msg>
<arg>${GLOBAL_LOCATOR}</arg>
<arg>${locator}</arg>
<doc>Makes a variable available globally in all tests and suites.</doc>
<status status="PASS" start="2026-02-18T14:51:23.417018" elapsed="0.001498"/>
</kw>
<kw name="Set Global Variable" owner="BuiltIn">
<msg time="2026-02-18T14:51:23.420445" level="INFO">${GLOBAL_SUB_KEYWORD} = Click Choose Month and Year on Calendar</msg>
<arg>${GLOBAL_SUB_KEYWORD}</arg>
<arg>${sub-keyword}</arg>
<doc>Makes a variable available globally in all tests and suites.</doc>
<status status="PASS" start="2026-02-18T14:51:23.419106" elapsed="0.001697"/>
</kw>
<arg>${locator}</arg>
<arg>${sub-keyword}</arg>
<arg>${loading-locator}</arg>
<status status="PASS" start="2026-02-18T14:51:23.415609" elapsed="0.005527"/>
</kw>
<arg>//button[@aria-label="Choose month and year"]</arg>
<arg>Click Choose Month and Year on Calendar</arg>
<status status="PASS" start="2026-02-18T14:51:23.131744" elapsed="0.289735"/>
</kw>
<kw name="Set Variable" owner="BuiltIn">
<msg time="2026-02-18T14:51:23.422574" level="INFO">${aria_label_year} = 2026</msg>
<var>${aria_label_year}</var>
<arg>${year}</arg>
<doc>Returns the given values which can then be assigned to a variables.</doc>
<status status="PASS" start="2026-02-18T14:51:23.421841" elapsed="0.000944"/>
</kw>
<kw name="Set Variable" owner="BuiltIn">
<msg time="2026-02-18T14:51:23.423918" level="INFO">${aria_label_month_year} = February 2026</msg>
<var>${aria_label_month_year}</var>
<arg>${month_name} ${year}</arg>
<doc>Returns the given values which can then be assigned to a variables.</doc>
<status status="PASS" start="2026-02-18T14:51:23.423123" elapsed="0.000983"/>
</kw>
<kw name="Set Variable" owner="BuiltIn">
<msg time="2026-02-18T14:51:23.426388" level="INFO">${aria_label_full} = 9 February 2026</msg>
<var>${aria_label_full}</var>
<arg>${day} ${month_name} ${year}</arg>
<doc>Returns the given values which can then be assigned to a variables.</doc>
<status status="PASS" start="2026-02-18T14:51:23.424600" elapsed="0.002198"/>
</kw>
<kw name="Click Action" owner="custom_utils">
<kw name="Click" owner="Browser">
<msg time="2026-02-18T14:51:23.429184" level="INFO">Clicks the element '//td[@role="gridcell" and @aria-label="2026"]'.</msg>
<arg>${locator}</arg>
<tag>PageContent</tag>
<tag>Setter</tag>
<doc>Simulates mouse click on the element found by ``selector``.</doc>
<status status="PASS" start="2026-02-18T14:51:23.428430" elapsed="0.064637"/>
</kw>
<kw name="Tracking And Wait Until Loading Done" owner="config">
<kw name="Set Global Variable" owner="BuiltIn">
<msg time="2026-02-18T14:51:23.497463" level="INFO">${GLOBAL_LOCATOR} = //td[@role="gridcell" and @aria-label="2026"]</msg>
<arg>${GLOBAL_LOCATOR}</arg>
<arg>${locator}</arg>
<doc>Makes a variable available globally in all tests and suites.</doc>
<status status="PASS" start="2026-02-18T14:51:23.496146" elapsed="0.001779"/>
</kw>
<kw name="Set Global Variable" owner="BuiltIn">
<msg time="2026-02-18T14:51:23.499739" level="INFO">${GLOBAL_SUB_KEYWORD} = Click Select Year on Calendar</msg>
<arg>${GLOBAL_SUB_KEYWORD}</arg>
<arg>${sub-keyword}</arg>
<doc>Makes a variable available globally in all tests and suites.</doc>
<status status="PASS" start="2026-02-18T14:51:23.498498" elapsed="0.001673"/>
</kw>
<arg>${locator}</arg>
<arg>${sub-keyword}</arg>
<arg>${loading-locator}</arg>
<status status="PASS" start="2026-02-18T14:51:23.494271" elapsed="0.006285"/>
</kw>
<arg>//td[@role="gridcell" and @aria-label="${aria_label_year}"]</arg>
<arg>Click Select Year on Calendar</arg>
<status status="PASS" start="2026-02-18T14:51:23.427598" elapsed="0.073345"/>
</kw>
<kw name="Click Action" owner="custom_utils">
<kw name="Click" owner="Browser">
<msg time="2026-02-18T14:51:23.504754" level="INFO">Clicks the element '//td[@role="gridcell" and @aria-label="February 2026"]'.</msg>
<arg>${locator}</arg>
<tag>PageContent</tag>
<tag>Setter</tag>
<doc>Simulates mouse click on the element found by ``selector``.</doc>
<status status="PASS" start="2026-02-18T14:51:23.503109" elapsed="0.066000"/>
</kw>
<kw name="Tracking And Wait Until Loading Done" owner="config">
<kw name="Set Global Variable" owner="BuiltIn">
<msg time="2026-02-18T14:51:23.571612" level="INFO">${GLOBAL_LOCATOR} = //td[@role="gridcell" and @aria-label="February 2026"]</msg>
<arg>${GLOBAL_LOCATOR}</arg>
<arg>${locator}</arg>
<doc>Makes a variable available globally in all tests and suites.</doc>
<status status="PASS" start="2026-02-18T14:51:23.570791" elapsed="0.001346"/>
</kw>
<kw name="Set Global Variable" owner="BuiltIn">
<msg time="2026-02-18T14:51:23.573701" level="INFO">${GLOBAL_SUB_KEYWORD} = Click Select Month on Calendar</msg>
<arg>${GLOBAL_SUB_KEYWORD}</arg>
<arg>${sub-keyword}</arg>
<doc>Makes a variable available globally in all tests and suites.</doc>
<status status="PASS" start="2026-02-18T14:51:23.572579" elapsed="0.001489"/>
</kw>
<arg>${locator}</arg>
<arg>${sub-keyword}</arg>
<arg>${loading-locator}</arg>
<status status="PASS" start="2026-02-18T14:51:23.569676" elapsed="0.004737"/>
</kw>
<arg>//td[@role="gridcell" and @aria-label="${aria_label_month_year}"]</arg>
<arg>Click Select Month on Calendar</arg>
<status status="PASS" start="2026-02-18T14:51:23.501518" elapsed="0.073213"/>
</kw>
<kw name="Click Action" owner="custom_utils">
<kw name="Click" owner="Browser">
<msg time="2026-02-18T14:51:23.579460" level="INFO">Clicks the element '//td[@role="gridcell" and @aria-label="9 February 2026"]'.</msg>
<arg>${locator}</arg>
<tag>PageContent</tag>
<tag>Setter</tag>
<doc>Simulates mouse click on the element found by ``selector``.</doc>
<status status="PASS" start="2026-02-18T14:51:23.577390" elapsed="0.082492"/>
</kw>
<kw name="Tracking And Wait Until Loading Done" owner="config">
<kw name="Set Global Variable" owner="BuiltIn">
<msg time="2026-02-18T14:51:23.664638" level="INFO">${GLOBAL_LOCATOR} = //td[@role="gridcell" and @aria-label="9 February 2026"]</msg>
<arg>${GLOBAL_LOCATOR}</arg>
<arg>${locator}</arg>
<doc>Makes a variable available globally in all tests and suites.</doc>
<status status="PASS" start="2026-02-18T14:51:23.663154" elapsed="0.002025"/>
</kw>
<kw name="Set Global Variable" owner="BuiltIn">
<msg time="2026-02-18T14:51:23.667315" level="INFO">${GLOBAL_SUB_KEYWORD} = Click Select Date on Calendar</msg>
<arg>${GLOBAL_SUB_KEYWORD}</arg>
<arg>${sub-keyword}</arg>
<doc>Makes a variable available globally in all tests and suites.</doc>
<status status="PASS" start="2026-02-18T14:51:23.665854" elapsed="0.001928"/>
</kw>
<arg>${locator}</arg>
<arg>${sub-keyword}</arg>
<arg>${loading-locator}</arg>
<status status="PASS" start="2026-02-18T14:51:23.661194" elapsed="0.007190"/>
</kw>
<arg>//td[@role="gridcell" and @aria-label="${aria_label_full}"]</arg>
<arg>Click Select Date on Calendar</arg>
<status status="PASS" start="2026-02-18T14:51:23.575348" elapsed="0.093549"/>
</kw>
<arg>${date}</arg>
<status status="PASS" start="2026-02-18T14:51:23.022593" elapsed="0.646689"/>
</kw>
<kw name="Select CN Reason" owner="sub_keywords">
<kw name="Click Action" owner="custom_utils">
<kw name="Click" owner="Browser">
<msg time="2026-02-18T14:51:23.676343" level="INFO">Clicks the element '//ion-content/ion-row/ion-col/ion-row/ion-col[5]/mat-form-field/div/div[1]/div/mat-select'.</msg>
<arg>${locator}</arg>
<tag>PageContent</tag>
<tag>Setter</tag>
<doc>Simulates mouse click on the element found by ``selector``.</doc>
<status status="PASS" start="2026-02-18T14:51:23.672985" elapsed="0.126321"/>
</kw>
<kw name="Tracking And Wait Until Loading Done" owner="config">
<kw name="Set Global Variable" owner="BuiltIn">
<msg time="2026-02-18T14:51:23.803001" level="INFO">${GLOBAL_LOCATOR} = //ion-content/ion-row/ion-col/ion-row/ion-col[5]/mat-form-field/div/div[1]/div/mat-select</msg>
<arg>${GLOBAL_LOCATOR}</arg>
<arg>${locator}</arg>
<doc>Makes a variable available globally in all tests and suites.</doc>
<status status="PASS" start="2026-02-18T14:51:23.801879" elapsed="0.001502"/>
</kw>
<kw name="Set Global Variable" owner="BuiltIn">
<msg time="2026-02-18T14:51:23.805124" level="INFO">${GLOBAL_SUB_KEYWORD} = Click Reason Dropdown</msg>
<arg>${GLOBAL_SUB_KEYWORD}</arg>
<arg>${sub-keyword}</arg>
<doc>Makes a variable available globally in all tests and suites.</doc>
<status status="PASS" start="2026-02-18T14:51:23.803859" elapsed="0.001715"/>
</kw>
<arg>${locator}</arg>
<arg>${sub-keyword}</arg>
<arg>${loading-locator}</arg>
<status status="PASS" start="2026-02-18T14:51:23.800107" elapsed="0.006025"/>
</kw>
<arg>${LOC_CN_SEARCH_DROPDOWN_REASON}</arg>
<arg>Click Reason Dropdown</arg>
<status status="PASS" start="2026-02-18T14:51:23.671301" elapsed="0.135755"/>
</kw>
<kw name="Click Action" owner="custom_utils">
<kw name="Click" owner="Browser">
<msg time="2026-02-18T14:51:23.814279" level="INFO">Clicks the element '//*[contains(text(),"สินค้าชำรุดเสียหาย")]'.</msg>
<arg>${locator}</arg>
<tag>PageContent</tag>
<tag>Setter</tag>
<doc>Simulates mouse click on the element found by ``selector``.</doc>
<status status="PASS" start="2026-02-18T14:51:23.812035" elapsed="0.165953"/>
</kw>
<kw name="Tracking And Wait Until Loading Done" owner="config">
<kw name="Set Global Variable" owner="BuiltIn">
<msg time="2026-02-18T14:51:23.981944" level="INFO">${GLOBAL_LOCATOR} = //*[contains(text(),"สินค้าชำรุดเสียหาย")]</msg>
<arg>${GLOBAL_LOCATOR}</arg>
<arg>${locator}</arg>
<doc>Makes a variable available globally in all tests and suites.</doc>
<status status="PASS" start="2026-02-18T14:51:23.980537" elapsed="0.001852"/>
</kw>
<kw name="Set Global Variable" owner="BuiltIn">
<msg time="2026-02-18T14:51:23.984147" level="INFO">${GLOBAL_SUB_KEYWORD} = Click Select Reason</msg>
<arg>${GLOBAL_SUB_KEYWORD}</arg>
<arg>${sub-keyword}</arg>
<doc>Makes a variable available globally in all tests and suites.</doc>
<status status="PASS" start="2026-02-18T14:51:23.983081" elapsed="0.001292"/>
</kw>
<arg>${locator}</arg>
<arg>${sub-keyword}</arg>
<arg>${loading-locator}</arg>
<status status="PASS" start="2026-02-18T14:51:23.978841" elapsed="0.005712"/>
</kw>
<arg>//*[contains(text(),"สินค้าชำรุดเสียหาย")]</arg>
<arg>Click Select Reason</arg>
<status status="PASS" start="2026-02-18T14:51:23.808053" elapsed="0.176648"/>
</kw>
<arg>${reason-no}</arg>
<status status="PASS" start="2026-02-18T14:51:23.669835" elapsed="0.314998"/>
</kw>
<kw name="Click Search" owner="sub_keywords">
<kw name="Click Action" owner="custom_utils">
<kw name="Click" owner="Browser">
<msg time="2026-02-18T14:51:23.986843" level="INFO">Clicks the element '//ion-content/ion-row/ion-col/ion-row/ion-col[6]/ion-row/ion-button[2]'.</msg>
<arg>${locator}</arg>
<tag>PageContent</tag>
<tag>Setter</tag>
<doc>Simulates mouse click on the element found by ``selector``.</doc>
<status status="PASS" start="2026-02-18T14:51:23.986208" elapsed="0.073920"/>
</kw>
<kw name="Tracking And Wait Until Loading Done" owner="config">
<kw name="Set Global Variable" owner="BuiltIn">
<msg time="2026-02-18T14:51:24.064430" level="INFO">${GLOBAL_LOCATOR} = //ion-content/ion-row/ion-col/ion-row/ion-col[6]/ion-row/ion-button[2]</msg>
<arg>${GLOBAL_LOCATOR}</arg>
<arg>${locator}</arg>
<doc>Makes a variable available globally in all tests and suites.</doc>
<status status="PASS" start="2026-02-18T14:51:24.063324" elapsed="0.001823"/>
</kw>
<kw name="Set Global Variable" owner="BuiltIn">
<msg time="2026-02-18T14:51:24.067498" level="INFO">${GLOBAL_SUB_KEYWORD} = Click Search</msg>
<arg>${GLOBAL_SUB_KEYWORD}</arg>
<arg>${sub-keyword}</arg>
<doc>Makes a variable available globally in all tests and suites.</doc>
<status status="PASS" start="2026-02-18T14:51:24.066134" elapsed="0.001817"/>
</kw>
<arg>${locator}</arg>
<arg>${sub-keyword}</arg>
<arg>${loading-locator}</arg>
<status status="PASS" start="2026-02-18T14:51:24.061187" elapsed="0.007213"/>
</kw>
<arg>${LOC_CN_SEARCH_BUTTON}</arg>
<arg>Click Search</arg>
<status status="PASS" start="2026-02-18T14:51:23.985605" elapsed="0.083157"/>
</kw>
<status status="PASS" start="2026-02-18T14:51:23.985069" elapsed="0.083963"/>
</kw>
<kw name="Input Id Card Popup" owner="sub_keywords">
<kw name="Sleep" owner="BuiltIn">
<msg time="2026-02-18T14:51:25.072947" level="INFO">Slept 1 second.</msg>
<arg>1s</arg>
<doc>Pauses the test executed for the given time.</doc>
<status status="PASS" start="2026-02-18T14:51:24.070837" elapsed="1.002962"/>
</kw>
<kw name="Fill Text Action" owner="custom_utils">
<kw name="Fill Text" owner="Browser">
<msg time="2026-02-18T14:51:25.080817" level="INFO">Fills the text '1401500162129' in the given field.</msg>
<arg>${locator}</arg>
<arg>${text}</arg>
<tag>PageContent</tag>
<tag>Setter</tag>
<doc>Clears and fills the given ``txt`` into the text field found by ``selector``.</doc>
<status status="PASS" start="2026-02-18T14:51:25.077882" elapsed="0.875940"/>
</kw>
<kw name="Tracking And Wait Until Loading Done" owner="config">
<kw name="Set Global Variable" owner="BuiltIn">
<msg time="2026-02-18T14:51:25.958371" level="INFO">${GLOBAL_LOCATOR} = //input[@placeholder="ระบุ : เลขที่ประจำตัวผู้เสียภาษี"]</msg>
<arg>${GLOBAL_LOCATOR}</arg>
<arg>${locator}</arg>
<doc>Makes a variable available globally in all tests and suites.</doc>
<status status="PASS" start="2026-02-18T14:51:25.956479" elapsed="0.002769"/>
</kw>
<kw name="Set Global Variable" owner="BuiltIn">
<msg time="2026-02-18T14:51:25.962335" level="INFO">${GLOBAL_SUB_KEYWORD} = Input Id Card Popup</msg>
<arg>${GLOBAL_SUB_KEYWORD}</arg>
<arg>${sub-keyword}</arg>
<doc>Makes a variable available globally in all tests and suites.</doc>
<status status="PASS" start="2026-02-18T14:51:25.960395" elapsed="0.002376"/>
</kw>
<arg>${locator}</arg>
<arg>${sub-keyword}</arg>
<arg>${loading-locator}</arg>
<status status="PASS" start="2026-02-18T14:51:25.954834" elapsed="0.008171"/>
</kw>
<arg>${LOC_CN_SEARCH_FIELD_ID_CARD_POPUP}</arg>
<arg>${id-card}</arg>
<arg>Input Id Card Popup</arg>
<status status="PASS" start="2026-02-18T14:51:25.074873" elapsed="0.888284"/>
</kw>
<arg>1401500162129</arg>
<status status="PASS" start="2026-02-18T14:51:24.069467" elapsed="1.893847"/>
</kw>
<kw name="Click Search Confirm Popup" owner="sub_keywords">
<kw name="Click Action" owner="custom_utils">
<kw name="Click" owner="Browser">
<msg time="2026-02-18T14:51:25.965959" level="INFO">Clicks the element '//ion-alert/div/div[4]/button[2]'.</msg>
<arg>${locator}</arg>
<tag>PageContent</tag>
<tag>Setter</tag>
<doc>Simulates mouse click on the element found by ``selector``.</doc>
<status status="PASS" start="2026-02-18T14:51:25.965376" elapsed="0.090526"/>
</kw>
<kw name="Tracking And Wait Until Loading Done" owner="config">
<kw name="Set Global Variable" owner="BuiltIn">
<msg time="2026-02-18T14:51:26.061929" level="INFO">${GLOBAL_LOCATOR} = //ion-alert/div/div[4]/button[2]</msg>
<arg>${GLOBAL_LOCATOR}</arg>
<arg>${locator}</arg>
<doc>Makes a variable available globally in all tests and suites.</doc>
<status status="PASS" start="2026-02-18T14:51:26.059659" elapsed="0.003016"/>
</kw>
<kw name="Set Global Variable" owner="BuiltIn">
<msg time="2026-02-18T14:51:26.065411" level="INFO">${GLOBAL_SUB_KEYWORD} = Click Search Confirm Popup</msg>
<arg>${GLOBAL_SUB_KEYWORD}</arg>
<arg>${sub-keyword}</arg>
<doc>Makes a variable available globally in all tests and suites.</doc>
<status status="PASS" start="2026-02-18T14:51:26.063543" elapsed="0.002644"/>
</kw>
<arg>${locator}</arg>
<arg>${sub-keyword}</arg>
<arg>${loading-locator}</arg>
<status status="PASS" start="2026-02-18T14:51:26.057068" elapsed="0.009782"/>
</kw>
<arg>${LOC_CN_SEARCH_BUTTON_CONFIRM_POPUP}</arg>
<arg>Click Search Confirm Popup</arg>
<status status="PASS" start="2026-02-18T14:51:25.964408" elapsed="0.103007"/>
</kw>
<status status="PASS" start="2026-02-18T14:51:25.963592" elapsed="0.104406"/>
</kw>
<kw name="Validate Search Buyer Result" owner="sub_keywords">
<kw name="Validate Element State Action" owner="custom_utils">
<kw name="Wait For Elements State" owner="Browser">
<msg time="2026-02-18T14:51:27.461868" level="INFO">Waited for Element with selector //*[@id="customers"]//*[contains(text() , "1401500162129")] at state visible</msg>
<arg>${locator}</arg>
<arg>${state}</arg>
<arg>${timeouts}</arg>
<tag>PageContent</tag>
<tag>Wait</tag>
<doc>Waits for the element found by ``selector`` to satisfy state option.</doc>
<status status="PASS" start="2026-02-18T14:51:26.072647" elapsed="1.389865"/>
</kw>
<kw name="Tracking" owner="config">
<kw name="Set Global Variable" owner="BuiltIn">
<msg time="2026-02-18T14:51:27.464505" level="INFO">${GLOBAL_LOCATOR} = //*[@id="customers"]//*[contains(text() , "1401500162129")]</msg>
<arg>${GLOBAL_LOCATOR}</arg>
<arg>${locator}</arg>
<doc>Makes a variable available globally in all tests and suites.</doc>
<status status="PASS" start="2026-02-18T14:51:27.463671" elapsed="0.001021"/>
</kw>
<kw name="Set Global Variable" owner="BuiltIn">
<msg time="2026-02-18T14:51:27.465404" level="INFO">${GLOBAL_SUB_KEYWORD} = Validate Search Buyer Result</msg>
<arg>${GLOBAL_SUB_KEYWORD}</arg>
<arg>${sub-keyword}</arg>
<doc>Makes a variable available globally in all tests and suites.</doc>
<status status="PASS" start="2026-02-18T14:51:27.464915" elapsed="0.000666"/>
</kw>
<arg>${locator}</arg>
<arg>${sub-keyword}</arg>
<status status="PASS" start="2026-02-18T14:51:27.462833" elapsed="0.002899"/>
</kw>
<arg>//*[@id="customers"]//*[contains(text() , "${buyer-idcard}")]</arg>
<arg>visible</arg>
<arg>Validate Search Buyer Result</arg>
<status status="PASS" start="2026-02-18T14:51:26.070607" elapsed="1.395253"/>
</kw>
<arg>1401500162129</arg>
<status status="PASS" start="2026-02-18T14:51:26.068856" elapsed="1.397127"/>
</kw>
<arg>@{arguments}</arg>
<status status="PASS" start="2026-02-18T14:51:21.968287" elapsed="5.497809"/>
</kw>
<msg time="2026-02-18T14:51:27.466251" level="INFO">${result} = None</msg>
<var>${result}</var>
<arg>${keyword}</arg>
<arg>@{arguments}</arg>
<doc>Executes the given keyword with the given arguments.</doc>
<status status="PASS" start="2026-02-18T14:51:21.966995" elapsed="5.499360"/>
</kw>
<arg>04</arg>
<arg>Search Credit Note</arg>
<arg>${G_TP_NO}</arg>
<arg>${G_RCPT_DATE}</arg>
<arg>สินค้าชำรุดเสียหาย</arg>
<status status="PASS" start="2026-02-18T14:51:21.955159" elapsed="5.511333"/>
</kw>
<kw name="Test Steps" owner="config">
<kw name="Set Global Variable" owner="BuiltIn">
<msg time="2026-02-18T14:51:27.473974" level="INFO">${GLOBAL_STEP_NO} = 05</msg>
<arg>${GLOBAL_STEP_NO}</arg>
<arg>${steps-no}</arg>
<doc>Makes a variable available globally in all tests and suites.</doc>
<status status="PASS" start="2026-02-18T14:51:27.471461" elapsed="0.003282"/>
</kw>
<kw name="Set Global Variable" owner="BuiltIn">
<msg time="2026-02-18T14:51:27.477476" level="INFO">${GLOBAL_KEYWORD} = Select Buyer</msg>
<arg>${GLOBAL_KEYWORD}</arg>
<arg>${keyword}</arg>
<doc>Makes a variable available globally in all tests and suites.</doc>
<status status="PASS" start="2026-02-18T14:51:27.475625" elapsed="0.002531"/>
</kw>
<kw name="Log To Console" owner="BuiltIn">
<arg>Running Step ${steps-no}: ${keyword}...</arg>
<doc>Logs the given message to the console.</doc>
<status status="PASS" start="2026-02-18T14:51:27.479198" elapsed="0.001797"/>
</kw>
<kw name="Run Keyword" owner="BuiltIn">
<kw name="Select Buyer" owner="keywords">
<kw name="Click Select Buyer" owner="sub_keywords">
<kw name="Click Action" owner="custom_utils">
<kw name="Click" owner="Browser">
<msg time="2026-02-18T14:51:27.488138" level="INFO">Clicks the element '//*[@aria-label="chevron forward"]'.</msg>
<arg>${locator}</arg>
<tag>PageContent</tag>
<tag>Setter</tag>
<doc>Simulates mouse click on the element found by ``selector``.</doc>
<status status="PASS" start="2026-02-18T14:51:27.485949" elapsed="0.151973"/>
</kw>
<kw name="Tracking And Wait Until Loading Done" owner="config">
<kw name="Set Global Variable" owner="BuiltIn">
<msg time="2026-02-18T14:51:27.642154" level="INFO">${GLOBAL_LOCATOR} = //*[@aria-label="chevron forward"]</msg>
<arg>${GLOBAL_LOCATOR}</arg>
<arg>${locator}</arg>
<doc>Makes a variable available globally in all tests and suites.</doc>
<status status="PASS" start="2026-02-18T14:51:27.640348" elapsed="0.002897"/>
</kw>
<kw name="Set Global Variable" owner="BuiltIn">
<msg time="2026-02-18T14:51:27.645708" level="INFO">${GLOBAL_SUB_KEYWORD} = Click</msg>
<arg>${GLOBAL_SUB_KEYWORD}</arg>
<arg>${sub-keyword}</arg>
<doc>Makes a variable available globally in all tests and suites.</doc>
<status status="PASS" start="2026-02-18T14:51:27.644117" elapsed="0.002058"/>
</kw>
<arg>${locator}</arg>
<arg>${sub-keyword}</arg>
<arg>${loading-locator}</arg>
<status status="PASS" start="2026-02-18T14:51:27.638524" elapsed="0.008191"/>
</kw>
<arg>//*[@aria-label="chevron forward"]</arg>
<status status="PASS" start="2026-02-18T14:51:27.485258" elapsed="0.161754"/>
</kw>
<status status="PASS" start="2026-02-18T14:51:27.484215" elapsed="0.163069"/>
</kw>
<arg>@{arguments}</arg>
<status status="PASS" start="2026-02-18T14:51:27.482675" elapsed="0.164855"/>
</kw>
<msg time="2026-02-18T14:51:27.647923" level="INFO">${result} = None</msg>
<var>${result}</var>
<arg>${keyword}</arg>
<arg>@{arguments}</arg>
<doc>Executes the given keyword with the given arguments.</doc>
<status status="PASS" start="2026-02-18T14:51:27.481493" elapsed="0.167038"/>
</kw>
<arg>05</arg>
<arg>Select Buyer</arg>
<status status="PASS" start="2026-02-18T14:51:27.469984" elapsed="0.179065"/>
</kw>
<kw name="Test Steps" owner="config">
<kw name="Set Global Variable" owner="BuiltIn">
<msg time="2026-02-18T14:51:27.653125" level="INFO">${GLOBAL_STEP_NO} = 07</msg>
<arg>${GLOBAL_STEP_NO}</arg>
<arg>${steps-no}</arg>
<doc>Makes a variable available globally in all tests and suites.</doc>
<status status="PASS" start="2026-02-18T14:51:27.651983" elapsed="0.001560"/>
</kw>
<kw name="Set Global Variable" owner="BuiltIn">
<msg time="2026-02-18T14:51:27.655870" level="INFO">${GLOBAL_KEYWORD} = Confirm Save CN and Send Email</msg>
<arg>${GLOBAL_KEYWORD}</arg>
<arg>${keyword}</arg>
<doc>Makes a variable available globally in all tests and suites.</doc>
<status status="PASS" start="2026-02-18T14:51:27.654172" elapsed="0.002347"/>
</kw>
<kw name="Log To Console" owner="BuiltIn">
<arg>Running Step ${steps-no}: ${keyword}...</arg>
<doc>Logs the given message to the console.</doc>
<status status="PASS" start="2026-02-18T14:51:27.657646" elapsed="0.002686"/>
</kw>
<kw name="Run Keyword" owner="BuiltIn">
<kw name="Confirm Save CN and Send Email" owner="keywords">
<kw name="Input Buyer Email" owner="sub_keywords">
<kw name="Run Keyword If" owner="BuiltIn">
<arg>'${email}' != '${None}'</arg>
<arg>Fill Text Action</arg>
<arg>${LOC_SEND_EMAIL_FIELD_EMAIL}</arg>
<arg>${email}</arg>
<arg>Input Buyer Email</arg>
<doc>Runs the given keyword with the given arguments, if ``condition`` is true.</doc>
<status status="PASS" start="2026-02-18T14:51:27.668106" elapsed="0.002019"/>
</kw>
<arg>${None}</arg>
<status status="PASS" start="2026-02-18T14:51:27.665794" elapsed="0.005134"/>
</kw>
<kw name="Click Confirm Send Email CN" owner="sub_keywords">
<kw name="Click Action" owner="custom_utils">
<kw name="Click" owner="Browser">
<msg time="2026-02-18T14:51:27.679349" level="INFO">Clicks the element '//*[contains(text() , 'ยืนยัน')]'.</msg>
<arg>${locator}</arg>
<tag>PageContent</tag>
<tag>Setter</tag>
<doc>Simulates mouse click on the element found by ``selector``.</doc>
<status status="PASS" start="2026-02-18T14:51:27.676619" elapsed="0.099745"/>
</kw>
<kw name="Tracking And Wait Until Loading Done" owner="config">
<kw name="Set Global Variable" owner="BuiltIn">
<msg time="2026-02-18T14:51:27.782541" level="INFO">${GLOBAL_LOCATOR} = //*[contains(text() , 'ยืนยัน')]</msg>
<arg>${GLOBAL_LOCATOR}</arg>
<arg>${locator}</arg>
<doc>Makes a variable available globally in all tests and suites.</doc>
<status status="PASS" start="2026-02-18T14:51:27.780681" elapsed="0.002523"/>
</kw>
<kw name="Set Global Variable" owner="BuiltIn">
<msg time="2026-02-18T14:51:27.786327" level="INFO">${GLOBAL_SUB_KEYWORD} = Click Confirm Send Email CN</msg>
<arg>${GLOBAL_SUB_KEYWORD}</arg>
<arg>${sub-keyword}</arg>
<doc>Makes a variable available globally in all tests and suites.</doc>
<status status="PASS" start="2026-02-18T14:51:27.784470" elapsed="0.002755"/>
</kw>
<arg>${locator}</arg>
<arg>${sub-keyword}</arg>
<arg>${loading-locator}</arg>
<status status="PASS" start="2026-02-18T14:51:27.777766" elapsed="0.010016"/>
</kw>
<arg>${LOC_BUTTON_CONFIRM_CN}</arg>
<arg>Click Confirm Send Email CN</arg>
<status status="PASS" start="2026-02-18T14:51:27.674265" elapsed="0.113931"/>
</kw>
<kw name="Click Action" owner="custom_utils">
<kw name="Click" owner="Browser">
<msg time="2026-02-18T14:51:27.793722" level="INFO">Clicks the element '//*[@placeholder="กรุณาระบุ Email Address"]/parent::*[1]/parent::*[1]/following-sibling::*[2]//ion-button'.</msg>
<arg>${locator}</arg>
<tag>PageContent</tag>
<tag>Setter</tag>
<doc>Simulates mouse click on the element found by ``selector``.</doc>
<status status="PASS" start="2026-02-18T14:51:27.790852" elapsed="0.462204"/>
</kw>
<kw name="Tracking And Wait Until Loading Done" owner="config">
<kw name="Set Global Variable" owner="BuiltIn">
<msg time="2026-02-18T14:51:28.257644" level="INFO">${GLOBAL_LOCATOR} = //*[@placeholder="กรุณาระบุ Email Address"]/parent::*[1]/parent::*[1]/following-sibling::*[2]//ion-button</msg>
<arg>${GLOBAL_LOCATOR}</arg>
<arg>${locator}</arg>
<doc>Makes a variable available globally in all tests and suites.</doc>
<status status="PASS" start="2026-02-18T14:51:28.255970" elapsed="0.002952"/>
</kw>
<kw name="Set Global Variable" owner="BuiltIn">
<msg time="2026-02-18T14:51:28.262132" level="INFO">${GLOBAL_SUB_KEYWORD} = Click Confirm Send Email CN</msg>
<arg>${GLOBAL_SUB_KEYWORD}</arg>
<arg>${sub-keyword}</arg>
<doc>Makes a variable available globally in all tests and suites.</doc>
<status status="PASS" start="2026-02-18T14:51:28.260234" elapsed="0.002414"/>
</kw>
<arg>${locator}</arg>
<arg>${sub-keyword}</arg>
<arg>${loading-locator}</arg>
<status status="PASS" start="2026-02-18T14:51:28.254140" elapsed="0.009099"/>
</kw>
<arg>${LOC_SEND_EMAIL_BUTTON_CONFIRM_POPUP_CN}</arg>
<arg>Click Confirm Send Email CN</arg>
<status status="PASS" start="2026-02-18T14:51:27.788929" elapsed="0.474858"/>
</kw>
<status status="PASS" start="2026-02-18T14:51:27.671787" elapsed="0.592536"/>
</kw>
<arg>@{arguments}</arg>
<status status="PASS" start="2026-02-18T14:51:27.663608" elapsed="0.601210"/>
</kw>
<msg time="2026-02-18T14:51:28.265725" level="INFO">${result} = None</msg>
<var>${result}</var>
<arg>${keyword}</arg>
<arg>@{arguments}</arg>
<doc>Executes the given keyword with the given arguments.</doc>
<status status="PASS" start="2026-02-18T14:51:27.661655" elapsed="0.604656"/>
</kw>
<arg>07</arg>
<arg>Confirm Save CN and Send Email</arg>
<status status="PASS" start="2026-02-18T14:51:27.650477" elapsed="0.616465"/>
</kw>
<kw name="Test Steps" owner="config">
<kw name="Set Global Variable" owner="BuiltIn">
<msg time="2026-02-18T14:51:28.272104" level="INFO">${GLOBAL_STEP_NO} = 08</msg>
<arg>${GLOBAL_STEP_NO}</arg>
<arg>${steps-no}</arg>
<doc>Makes a variable available globally in all tests and suites.</doc>
<status status="PASS" start="2026-02-18T14:51:28.270683" elapsed="0.001924"/>
</kw>
<kw name="Set Global Variable" owner="BuiltIn">
<msg time="2026-02-18T14:51:28.275353" level="INFO">${GLOBAL_KEYWORD} = Download File</msg>
<arg>${GLOBAL_KEYWORD}</arg>
<arg>${keyword}</arg>
<doc>Makes a variable available globally in all tests and suites.</doc>
<status status="PASS" start="2026-02-18T14:51:28.273540" elapsed="0.002437"/>
</kw>
<kw name="Log To Console" owner="BuiltIn">
<arg>Running Step ${steps-no}: ${keyword}...</arg>
<doc>Logs the given message to the console.</doc>
<status status="PASS" start="2026-02-18T14:51:28.277000" elapsed="0.002184"/>
</kw>
<kw name="Run Keyword" owner="BuiltIn">
<kw name="Download File" owner="keywords">
<kw name="Get Current Date" owner="DateTime">
<msg time="2026-02-18T14:51:28.286948" level="INFO">${date-time} = 20260218_145128</msg>
<var>${date-time}</var>
<arg>result_format=%Y%m%d_%H%M%S</arg>
<doc>Returns current local or UTC time with an optional increment.</doc>
<status status="PASS" start="2026-02-18T14:51:28.285241" elapsed="0.004362"/>
</kw>
<kw name="Click Download" owner="sub_keywords">
<kw name="Sleep" owner="BuiltIn">
<msg time="2026-02-18T14:51:31.296821" level="INFO">Slept 3 seconds.</msg>
<arg>3s</arg>
<doc>Pauses the test executed for the given time.</doc>
<status status="PASS" start="2026-02-18T14:51:28.293892" elapsed="3.003726"/>
</kw>
<kw name="Promise To Wait For Download" owner="Browser">
<msg time="2026-02-18T14:51:31.303902" level="INFO">${dl_promise} = &lt;Future at 0x1b9b676d400 state=running&gt;</msg>
<var>${dl_promise}</var>
<arg>${file-name}</arg>
<tag>BrowserControl</tag>
<tag>Wait</tag>
<doc>Returns a promise that waits for next download event on page.</doc>
<status status="PASS" start="2026-02-18T14:51:31.298525" elapsed="0.005795"/>
</kw>
<kw name="Click Action" owner="custom_utils">
<kw name="Click" owner="Browser">
<msg time="2026-02-18T14:51:31.310940" level="INFO">Clicks the element '//ion-content/ion-row/ion-col/ion-grid/div/ion-row/*/ion-button'.</msg>
<arg>${locator}</arg>
<tag>PageContent</tag>
<tag>Setter</tag>
<doc>Simulates mouse click on the element found by ``selector``.</doc>
<status status="PASS" start="2026-02-18T14:51:31.308347" elapsed="7.671809"/>
</kw>
<kw name="Tracking And Wait Until Loading Done" owner="config">
<kw name="Set Global Variable" owner="BuiltIn">
<msg time="2026-02-18T14:51:38.984418" level="INFO">${GLOBAL_LOCATOR} = //ion-content/ion-row/ion-col/ion-grid/div/ion-row/*/ion-button</msg>
<arg>${GLOBAL_LOCATOR}</arg>
<arg>${locator}</arg>
<doc>Makes a variable available globally in all tests and suites.</doc>
<status status="PASS" start="2026-02-18T14:51:38.982919" elapsed="0.002085"/>
</kw>
<kw name="Set Global Variable" owner="BuiltIn">
<msg time="2026-02-18T14:51:38.988892" level="INFO">${GLOBAL_SUB_KEYWORD} = Click Download</msg>
<arg>${GLOBAL_SUB_KEYWORD}</arg>
<arg>${sub-keyword}</arg>
<doc>Makes a variable available globally in all tests and suites.</doc>
<status status="PASS" start="2026-02-18T14:51:38.986420" elapsed="0.003293"/>
</kw>
<arg>${locator}</arg>
<arg>${sub-keyword}</arg>
<arg>${loading-locator}</arg>
<status status="PASS" start="2026-02-18T14:51:38.981181" elapsed="0.009330"/>
</kw>
<arg>${LOC_DOWNLOAD_INVOICE_BUTTON}</arg>
<arg>Click Download</arg>
<status status="PASS" start="2026-02-18T14:51:31.305346" elapsed="7.685747"/>
</kw>
<kw name="Wait For" owner="Browser">
<msg time="2026-02-18T14:51:42.144216" level="INFO">${file_obj} = {'saveAs': 'c:\\Users\\PongsakornMadsen\\AppData\\Local\\Programs\\Python\\Python313\\Lib\\site-packages\\Browser\\wrapper\\003-002-CN-20260218_145128', 'suggestedFilename': 'W054-33-47000.pdf', 'stat...</msg>
<var>${file_obj}</var>
<arg>${dl_promise}</arg>
<tag>Wait</tag>
<doc>Waits for promises to finish and returns results from them.</doc>
<status status="PASS" start="2026-02-18T14:51:38.992214" elapsed="3.152405"/>
</kw>
<kw name="File Should Exist" owner="OperatingSystem">
<msg time="2026-02-18T14:51:42.146675" level="INFO" html="true">File '&lt;a href="file://c:\Users\PongsakornMadsen\AppData\Local\Programs\Python\Python313\Lib\site-packages\Browser\wrapper\003-002-CN-20260218_145128"&gt;c:\Users\PongsakornMadsen\AppData\Local\Programs\Python\Python313\Lib\site-packages\Browser\wrapper\003-002-CN-20260218_145128&lt;/a&gt;' exists.</msg>
<arg>${file_obj}[saveAs]</arg>
<doc>Fails unless the given ``path`` points to an existing file.</doc>
<status status="PASS" start="2026-02-18T14:51:42.145143" elapsed="0.001983"/>
</kw>
<kw name="Move File" owner="OperatingSystem">
<msg time="2026-02-18T14:51:42.158323" level="INFO" html="true">Moved file from '&lt;a href="file://c:\Users\PongsakornMadsen\AppData\Local\Programs\Python\Python313\Lib\site-packages\Browser\wrapper\003-002-CN-20260218_145128"&gt;c:\Users\PongsakornMadsen\AppData\Local\Programs\Python\Python313\Lib\site-packages\Browser\wrapper\003-002-CN-20260218_145128&lt;/a&gt;' to '&lt;a href="file://c:\Users\PongsakornMadsen\Automate\etax-ui-tests\downloads\003-002-CN-20260218_145128.pdf"&gt;c:\Users\PongsakornMadsen\Automate\etax-ui-tests\downloads\003-002-CN-20260218_145128.pdf&lt;/a&gt;'.</msg>
<arg>${file_obj}[saveAs]</arg>
<arg>./downloads/${file-name}.pdf</arg>
<doc>Moves the source file into the destination.</doc>
<status status="PASS" start="2026-02-18T14:51:42.147676" elapsed="0.011884"/>
</kw>
<return>
<value>./downloads/${file-name}.pdf</value>
<status status="PASS" start="2026-02-18T14:51:42.160154" elapsed="0.001263"/>
</return>
<msg time="2026-02-18T14:51:42.162661" level="INFO">${path} = ./downloads/003-002-CN-20260218_145128.pdf</msg>
<var>${path}</var>
<arg>${file-name}-${date-time}</arg>
<status status="PASS" start="2026-02-18T14:51:28.291214" elapsed="13.871988"/>
</kw>
<arg>@{arguments}</arg>
<status status="PASS" start="2026-02-18T14:51:28.282843" elapsed="13.880956"/>
</kw>
<msg time="2026-02-18T14:51:42.165021" level="INFO">${result} = None</msg>
<var>${result}</var>
<arg>${keyword}</arg>
<arg>@{arguments}</arg>
<doc>Executes the given keyword with the given arguments.</doc>
<status status="PASS" start="2026-02-18T14:51:28.280581" elapsed="13.885052"/>
</kw>
<arg>08</arg>
<arg>Download File</arg>
<arg>003-002-CN</arg>
<status status="PASS" start="2026-02-18T14:51:28.268746" elapsed="13.897816"/>
</kw>
<kw name="Close Test Browser" owner="config" type="TEARDOWN">
<kw name="Set Browser Timeout" owner="Browser">
<msg time="2026-02-18T14:51:42.184121" level="INFO">${old_timeout} = 40 seconds</msg>
<var>${old_timeout}</var>
<arg>${GLOBAL_TIMEOUT_DEBUG}</arg>
<tag>Config</tag>
<tag>Setter</tag>
<doc>Sets the timeout used by most input and getter keywords.</doc>
<status status="PASS" start="2026-02-18T14:51:42.172421" elapsed="0.012468"/>
</kw>
<kw name="Get Current Date" owner="DateTime">
<msg time="2026-02-18T14:51:42.188280" level="INFO">${current_datetime} = 20260218_145142</msg>
<var>${current_datetime}</var>
<arg>result_format=%Y%m%d_%H%M%S</arg>
<doc>Returns current local or UTC time with an optional increment.</doc>
<status status="PASS" start="2026-02-18T14:51:42.186324" elapsed="0.002783"/>
</kw>
<kw name="Set Global Variable" owner="BuiltIn">
<msg time="2026-02-18T14:51:42.197742" level="INFO">${GLOBAL_END_DATETIME} = 20260218_145142</msg>
<arg>${GLOBAL_END_DATETIME}</arg>
<arg>${current_datetime}</arg>
<doc>Makes a variable available globally in all tests and suites.</doc>
<status status="PASS" start="2026-02-18T14:51:42.190016" elapsed="0.008272"/>
</kw>
<kw name="Sleep" owner="BuiltIn">
<msg time="2026-02-18T14:51:45.201452" level="INFO">Slept 3 seconds.</msg>
<arg>3s</arg>
<doc>Pauses the test executed for the given time.</doc>
<status status="PASS" start="2026-02-18T14:51:42.198755" elapsed="3.003128"/>
</kw>
<kw name="Log To Console" owner="BuiltIn">
<arg>${\n}Start: ${GLOBAL_START_DATETIME} | End: ${current_datetime}${\n}</arg>
<doc>Logs the given message to the console.</doc>
<status status="PASS" start="2026-02-18T14:51:45.202586" elapsed="0.004503"/>
</kw>
<kw name="Get Console Log" owner="Browser">
<msg time="2026-02-18T14:51:45.214030" level="INFO">Console log received</msg>
<msg time="2026-02-18T14:51:45.218128" level="INFO">${text} = [{'type': 'log', 'text': 'adding proxy for StatusBar', 'location': {'url': 'https://uat-etax-service.central.co.th/cordova.js', 'lineNumber': 1020, 'columnNumber': 16}, 'time': '2026-02-18T07:51:10.98...</msg>
<var>${text}</var>
<arg>full=${True}</arg>
<tag>Assertion</tag>
[...]
 'time': '2026-02-18T07:51:27.428Z'} | {'type': 'log', 'text': 'pager.pages===&gt; [1]', 'location': {'url': 'https://uat-etax-service.central.co.th/main-es2015.js', 'lineNumber': 13274, 'columnNumber': 16}, 'time': '2026-02-18T07:51:27.430Z'} | {'type': 'log', 'text': 'params.datalist=====:  undefined', 'location': {'url': 'https://uat-etax-service.central.co.th/main-es2015.js', 'lineNumber': 13226, 'columnNumber': 20}, 'time': '2026-02-18T07:51:27.447Z'} | {'type': 'log', 'text': '=====this.datalist======== undefined', 'location': {'url': 'https://uat-etax-service.central.co.th/main-es2015.js', 'lineNumber': 13228, 'columnNumber': 20}, 'time': '2026-02-18T07:51:27.447Z'} | {'type': 'log', 'text': '&lt;----- User Idle -----&gt;', 'location': {'url': 'https://uat-etax-service.central.co.th/main-es2015.js', 'lineNumber': 2350, 'columnNumber': 16}, 'time': '2026-02-18T07:51:27.552Z'} | {'type': 'log', 'text': 'creditNoteLists ====== item::  {buyer_id: 2410, buyer_company_name: กวิน เทียมทะนงค์, buyer_people_id: null, buyer_main_branch_no: , buyer_branch_no: }', 'location': {'url': 'https://uat-etax-service.central.co.th/main-es2015.js', 'lineNumber': 13298, 'columnNumber': 20}, 'time': '2026-02-18T07:51:27.556Z'} | {'type': 'log', 'text': 'setTaxinvoiceList=====:  [Object]', 'location': {'url': 'https://uat-etax-service.central.co.th/main-es2015.js', 'lineNumber': 12872, 'columnNumber': 20}, 'time': '2026-02-18T07:51:27.557Z'} | {'type': 'log', 'text': '[goToDetailPage] verifyData :  {abb_no: 454-056187, date_time: 18/2/2026, ref_abb_no: 454-055697, tax_invoice_no: , ref_tax_invoice_no: N/A}', 'location': {'url': 'https://uat-etax-service.central.co.th/main-es2015.js', 'lineNumber': 13306, 'columnNumber': 28}, 'time': '2026-02-18T07:51:27.560Z'} | {'type': 'log', 'text': 'verifyData========:  {abb_no: 454-056187, date_time: 18/2/2026, ref_abb_no: 454-055697, tax_invoice_no: , ref_tax_invoice_no: N/A}', 'location': {'url': 'https://uat-etax-service.central.co.th/main-es2015.js', 'lineNumber': 13312, 'columnNumber': 20}, 'time': '2026-02-18T07:51:27.561Z'} | {'type': 'log', 'text': 'new... undefined', 'location': {'url': 'https://uat-etax-service.central.co.th/main-es2015.js', 'lineNumber': 5415, 'columnNumber': 16}, 'time': '2026-02-18T07:51:27.577Z'} | {'type': 'log', 'text': 'params===: {}', 'location': {'url': 'https://uat-etax-service.central.co.th/main-es2015.js', 'lineNumber': 5701, 'columnNumber': 20}, 'time': '2026-02-18T07:51:27.587Z'} | {'type': 'log', 'text': '[setActive] input :  3', 'location': {'url': 'https://uat-etax-service.central.co.th/main-es2015.js', 'lineNumber': 29469, 'columnNumber': 16}, 'time': '2026-02-18T07:51:27.591Z'} | {'type': 'log', 'text': 'value... 3', 'location': {'url': 'https://uat-etax-service.central.co.th/main-es2015.js', 'lineNumber': 5419, 'columnNumber': 20}, 'time': '2026-02-18T07:51:27.595Z'} | {'type': 'log', 'text': 'value... 3', 'location': {'url': 'https://uat-etax-service.central.co.th/main-es2015.js', 'lineNumber': 5419, 'columnNumber': 20}, 'time': '2026-02-18T07:51:27.595Z'} | {'type': 'log', 'text': 'appPages====:  [Object, Object, Object, Object, Object, Object, Object, Object]', 'location': {'url': 'https://uat-etax-service.central.co.th/main-es2015.js', 'lineNumber': 29587, 'columnNumber': 16}, 'time': '2026-02-18T07:51:27.595Z'} | {'type': 'log', 'text': '[mappingRoleManagement] modules :  {ETAXCONFIGURATION: true, ETAXCREDITNOTE: true, ETAXFULLTAX: true, ETAXFULLTAXNOTAXID: true, ETAXINQUIRY: true}', 'location': {'url': 'https://uat-etax-service.central.co.th/main-es2015.js', 'lineNumber': 29589, 'columnNumber': 16}, 'time': '2026-02-18T07:51:27.599Z'} | {'type': 'log', 'text': 'title=======:  TAXINVOICE', 'location': {'url': 'https://uat-etax-service.central.co.th/main-es2015.js', 'lineNumber': 29592, 'columnNumber': 20}, 'time': '2026-02-18T07:51:27.599Z'} | {'type': 'log', 'text': 'title=======:  REPLACE', 'location': {'url': 'https://uat-etax-service.central.co.th/main-es2015.js', 'lineNumber': 29592, 'columnNumber': 20}, 'time': '2026-02-18T07:51:27.599Z'} | {'type': 'log', 'text': 'title=======:  CREDITNOTE', 'location': {'url': 'https://uat-etax-service.central.co.th/main-es2015.js', 'lineNumber': 29592, 'columnNumber': 20}, 'time': '2026-02-18T07:51:27.600Z'} | {'type': 'log', 'text': 'title=======:  NOTAXID', 'location': {'url': 'https://uat-etax-service.central.co.th/main-es2015.js', 'lineNumber': 29592, 'columnNumber': 20}, 'time': '2026-02-18T07:51:27.600Z'} | {'type': 'log', 'text': 'title=======:  REPORT', 'location': {'url': 'https://uat-etax-service.central.co.th/main-es2015.js', 'lineNumber': 29592, 'columnNumber': 20}, 'time': '2026-02-18T07:51:27.600Z'} | {'type': 'log', 'text': 'title=======:  RESEND/PRINT', 'location': {'url': 'https://uat-etax-service.central.co.th/main-es2015.js', 'lineNumber': 29592, 'columnNumber': 20}, 'time': '2026-02-18T07:51:27.602Z'} | {'type': 'log', 'text': 'title=======:  INQUIRYDATA', 'location': {'url': 'https://uat-etax-service.central.co.th/main-es2015.js', 'lineNumber': 29592, 'columnNumber': 20}, 'time': '2026-02-18T07:51:27.603Z'} | {'type': 'log', 'text': 'title=======:  CONFIG', 'location': {'url': 'https://uat-etax-service.central.co.th/main-es2015.js', 'lineNumber': 29592, 'columnNumber': 20}, 'time': '2026-02-18T07:51:27.603Z'} | {'type': 'log', 'text': '[setActive] input :  3', 'location': {'url': 'https://uat-etax-service.central.co.th/main-es2015.js', 'lineNumber': 29469, 'columnNumber': 16}, 'time': '2026-02-18T07:51:27.647Z'} | {'type': 'log', 'text': 'value... 3', 'location': {'url': 'https://uat-etax-service.central.co.th/main-es2015.js', 'lineNumber': 5419, 'columnNumber': 20}, 'time': '2026-02-18T07:51:27.648Z'} | {'type': 'log', 'text': 'value... 3', 'location': {'url': 'https://uat-etax-service.central.co.th/main-es2015.js', 'lineNumber': 5419, 'columnNumber': 20}, 'time': '2026-02-18T07:51:27.648Z'} | {'type': 'log', 'text': 'value... 3', 'location': {'url': 'https://uat-etax-service.central.co.th/main-es2015.js', 'lineNumber': 5419, 'columnNumber': 20}, 'time': '2026-02-18T07:51:27.648Z'} | {'type': 'log', 'text': '[getStorageData] verifyCreditNote res :  {abb_no: 454-056187, date_time: 18/2/2026, ref_abb_no: 454-055697, tax_invoice_no: , ref_tax_invoice_no: N/A}', 'location': {'url': 'https://uat-etax-service.central.co.th/main-es2015.js', 'lineNumber': 12662, 'columnNumber': 20}, 'time': '2026-02-18T07:51:27.649Z'} | {'type': 'log', 'text': '[getStorageData] searchCreditNode resVerify :  {abb_no: 454-056187, date_time: 18/2/2026, ref_abb_no: 454-055697, tax_invoice_no: , ref_tax_invoice_no: N/A}', 'location': {'url': 'https://uat-etax-service.central.co.th/main-es2015.js', 'lineNumber': 12664, 'columnNumber': 20}, 'time': '2026-02-18T07:51:27.649Z'} | {'type': 'log', 'text': '🚀 ~ file: credit-check-taxinvoice.component.ts:80 ~ CreditCheckTaxinvoiceComponent ~ getStorageData ~ isOldAbbTransaction: N', 'location': {'url': 'https://uat-etax-service.central.co.th/main-es2015.js', 'lineNumber': 12672, 'columnNumber': 20}, 'time': '2026-02-18T07:51:27.651Z'} | {'type': 'log', 'text': ' &gt;&gt;&gt;&gt;&gt;&gt;&gt;&gt;&gt;&gt;&gt;&gt;&gt;&gt;&gt;&gt;&gt;&gt; NEW TRANSACTION &lt;&lt;&lt;&lt;&lt;&lt;&lt;&lt;&lt;&lt;&lt;&lt;&lt;&lt;&lt;&lt;&lt;&lt;&lt;', 'location': {'url': 'https://uat-etax-service.central.co.th/main-es2015.js', 'lineNumber': 12697, 'columnNumber': 24}, 'time': '2026-02-18T07:51:27.651Z'} | {'type': 'log', 'text': 'new res..... {request: Object, response: Object}', 'location': {'url': 'https://uat-etax-service.central.co.th/main-es2015.js', 'lineNumber': 12698, 'columnNumber': 24}, 'time': '2026-02-18T07:51:27.651Z'} | {'type': 'log', 'text': '[getStorageData] res_rts :  {products: Array(2), payments: Array(1), loc: 10104, receiptDate: 2026-02-09 16:44:31, ticketNo: 63252}', 'location': {'url': 'https://uat-etax-service.central.co.th/main-es2015.js', 'lineNumber': 12700, 'columnNumber': 24}, 'time': '2026-02-18T07:51:27.651Z'} | {'type': 'log', 'text': '&lt;----- User Idle -----&gt;', 'location': {'url': 'https://uat-etax-service.central.co.th/main-es2015.js', 'lineNumber': 2350, 'columnNumber': 16}, 'time': '2026-02-18T07:51:27.751Z'} | {'type': 'log', 'text': '[setActive] input :  4', 'location': {'url': 'https://uat-etax-service.central.co.th/main-es2015.js', 'lineNumber': 29469, 'columnNumber': 16}, 'time': '2026-02-18T07:51:27.758Z'} | {'type': 'log', 'text': 'value... 4', 'location': {'url': 'https://uat-etax-service.central.co.th/main-es2015.js', 'lineNumber': 5419, 'columnNumber': 20}, 'time': '2026-02-18T07:51:27.759Z'} | {'type': 'log', 'text': 'value... 4', 'location': {'url': 'https://uat-etax-service.central.co.th/main-es2015.js', 'lineNumber': 5419, 'columnNumber': 20}, 'time': '2026-02-18T07:51:27.759Z'} | {'type': 'log', 'text': 'value... 4', 'location': {'url': 'https://uat-etax-service.central.co.th/main-es2015.js', 'lineNumber': 5419, 'columnNumber': 20}, 'time': '2026-02-18T07:51:27.759Z'} | {'type': 'log', 'text': 'remark====:  ', 'location': {'url': 'https://uat-etax-service.central.co.th/main-es2015.js', 'lineNumber': 13944, 'columnNumber': 16}, 'time': '2026-02-18T07:51:27.837Z'} | {'type': 'log', 'text': 'isShowBranchNo====:  true', 'location': {'url': 'https://uat-etax-service.central.co.th/main-es2015.js', 'lineNumber': 13945, 'columnNumber': 16}, 'time': '2026-02-18T07:51:27.837Z'} | {'type': 'log', 'text': '[setActive] input :  4', 'location': {'url': 'https://uat-etax-service.central.co.th/main-es2015.js', 'lineNumber': 29469, 'columnNumber': 16}, 'time': '2026-02-18T07:51:27.838Z'} | {'type': 'log', 'text': 'value... 4', 'location': {'url': 'https://uat-etax-service.central.co.th/main-es2015.js', 'lineNumber': 5419, 'columnNumber': 20}, 'time': '2026-02-18T07:51:27.838Z'} | {'type': 'log', 'text': 'value... 4', 'location': {'url': 'https://uat-etax-service.central.co.th/main-es2015.js', 'lineNumber': 5419, 'columnNumber': 20}, 'time': '2026-02-18T07:51:27.838Z'} | {'type': 'log', 'text': 'value... 4', 'location': {'url': 'https://uat-etax-service.central.co.th/main-es2015.js', 'lineNumber': 5419, 'columnNumber': 20}, 'time': '2026-02-18T07:51:27.838Z'} | {'type': 'log', 'text': 'params.... {}', 'location': {'url': 'https://uat-etax-service.central.co.th/main-es2015.js', 'lineNumber': 13951, 'columnNumber': 24}, 'time': '2026-02-18T07:51:27.839Z'} | {'type': 'log', 'text': '[getStorageData] creditNoteData res :  {abb_no: 454-056187, date_time: 18/2/2026, ref_abb_no: 454-055697, tax_invoice_no: , ref_tax_invoice_no: N/A}', 'location': {'url': 'https://uat-etax-service.central.co.th/main-es2015.js', 'lineNumber': 13965, 'columnNumber': 20}, 'time': '2026-02-18T07:51:27.841Z'} | {'type': 'log', 'text': '[getStorageData] searchCreditNode res :  {request: Object, response: Object}', 'location': {'url': 'https://uat-etax-service.central.co.th/main-es2015.js', 'lineNumber': 13969, 'columnNumber': 20}, 'time': '2026-02-18T07:51:27.842Z'} | {'type': 'log', 'text': '&lt;----- User Idle -----&gt;', 'location': {'url': 'https://uat-etax-service.central.co.th/main-es2015.js', 'lineNumber': 2350, 'columnNumber': 16}, 'time': '2026-02-18T07:51:28.234Z'} | {'type': 'log', 'text': 'this.onDisableClick false', 'location': {'url': 'https://uat-etax-service.central.co.th/main-es2015.js', 'lineNumber': 13999, 'columnNumber': 20}, 'time': '2026-02-18T07:51:28.238Z'} | {'type': 'log', 'text': ' ------------------ [confirmAlert] ------------------ ', 'location': {'url': 'https://uat-etax-service.central.co.th/main-es2015.js', 'lineNumber': 14008, 'columnNumber': 20}, 'time': '2026-02-18T07:51:30.258Z'} | {'type': 'log', 'text': ' &gt;&gt;&gt;&gt;&gt;&gt;&gt;&gt;&gt;&gt;&gt;&gt;&gt;&gt;&gt;&gt;&gt;&gt; NEW TRANSACTION &lt;&lt;&lt;&lt;&lt;&lt;&lt;&lt;&lt;&lt;&lt;&lt;&lt;&lt;&lt;&lt;&lt;&lt;&lt;', 'location': {'url': 'https://uat-etax-service.central.co.th/main-es2015.js', 'lineNumber': 14042, 'columnNumber': 24}, 'time': '2026-02-18T07:51:30.258Z'} | {'type': 'log', 'text': '======== req confirm send email======= {creditnotefulltax: Object}', 'location': {'url': 'https://uat-etax-service.central.co.th/main-es2015.js', 'lineNumber': 14070, 'columnNumber': 20}, 'time': '2026-02-18T07:51:30.258Z'} | {'type': 'log', 'text': 'options=====::  {headers: Object}', 'location': {'url': 'https://uat-etax-service.central.co.th/main-es2015.js', 'lineNumber': 3136, 'columnNumber': 20}, 'time': '2026-02-18T07:51:30.461Z'} | {'type': 'log', 'text': '(post) [createCreditNote] response :  {result: S, statusCode: 200, statusMessage: success, data: Object}', 'location': {'url': 'https://uat-etax-service.central.co.th/main-es2015.js', 'lineNumber': 14075, 'columnNumber': 28}, 'time': '2026-02-18T07:51:33.577Z'} | {'type': 'log', 'text': 'before confirmCreditNote previewData :  {invoice_list: Array(1)}', 'location': {'url': 'https://uat-etax-service.central.co.th/main-es2015.js', 'lineNumber': 14084, 'columnNumber': 36}, 'time': '2026-02-18T07:51:38.754Z'} | {'type': 'log', 'text': 'new... undefined', 'location': {'url': 'https://uat-etax-service.central.co.th/main-es2015.js', 'lineNumber': 5415, 'columnNumber': 16}, 'time': '2026-02-18T07:51:38.768Z'} | {'type': 'log', 'text': 'params===: {}', 'location': {'url': 'https://uat-etax-service.central.co.th/main-es2015.js', 'lineNumber': 5701, 'columnNumber': 20}, 'time': '2026-02-18T07:51:38.781Z'} | {'type': 'log', 'text': 'appPages====:  [Object, Object, Object, Object, Object, Object, Object, Object]', 'location': {'url': 'https://uat-etax-service.central.co.th/main-es2015.js', 'lineNumber': 29587, 'columnNumber': 16}, 'time': '2026-02-18T07:51:38.783Z'} | {'type': 'log', 'text': '[mappingRoleManagement] modules :  {ETAXCONFIGURATION: true, ETAXCREDITNOTE: true, ETAXFULLTAX: true, ETAXFULLTAXNOTAXID: true, ETAXINQUIRY: true}', 'location': {'url': 'https://uat-etax-service.central.co.th/main-es2015.js', 'lineNumber': 29589, 'columnNumber': 16}, 'time': '2026-02-18T07:51:38.786Z'} | {'type': 'log', 'text': 'title=======:  TAXINVOICE', 'location': {'url': 'https://uat-etax-service.central.co.th/main-es2015.js', 'lineNumber': 29592, 'columnNumber': 20}, 'time': '2026-02-18T07:51:38.787Z'} | {'type': 'log', 'text': 'title=======:  REPLACE', 'location': {'url': 'https://uat-etax-service.central.co.th/main-es2015.js', 'lineNumber': 29592, 'columnNumber': 20}, 'time': '2026-02-18T07:51:38.790Z'} | {'type': 'log', 'text': 'title=======:  CREDITNOTE', 'location': {'url': 'https://uat-etax-service.central.co.th/main-es2015.js', 'lineNumber': 29592, 'columnNumber': 20}, 'time': '2026-02-18T07:51:38.792Z'} | {'type': 'log', 'text': 'title=======:  NOTAXID', 'location': {'url': 'https://uat-etax-service.central.co.th/main-es2015.js', 'lineNumber': 29592, 'columnNumber': 20}, 'time': '2026-02-18T07:51:38.794Z'} | {'type': 'log', 'text': 'title=======:  REPORT', 'location': {'url': 'https://uat-etax-service.central.co.th/main-es2015.js', 'lineNumber': 29592, 'columnNumber': 20}, 'time': '2026-02-18T07:51:38.795Z'} | {'type': 'log', 'text': 'title=======:  RESEND/PRINT', 'location': {'url': 'https://uat-etax-service.central.co.th/main-es2015.js', 'lineNumber': 29592, 'columnNumber': 20}, 'time': '2026-02-18T07:51:38.796Z'} | {'type': 'log', 'text': 'title=======:  INQUIRYDATA', 'location': {'url': 'https://uat-etax-service.central.co.th/main-es2015.js', 'lineNumber': 29592, 'columnNumber': 20}, 'time': '2026-02-18T07:51:38.796Z'} | {'type': 'log', 'text': 'title=======:  CONFIG', 'location': {'url': 'https://uat-etax-service.central.co.th/main-es2015.js', 'lineNumber': 29592, 'columnNumber': 20}, 'time': '2026-02-18T07:51:38.797Z'} | {'type': 'log', 'text': '&lt;----- User Idle -----&gt;', 'location': {'url': 'https://uat-etax-service.central.co.th/main-es2015.js', 'lineNumber': 2350, 'columnNumber': 16}, 'time': '2026-02-18T07:51:38.951Z'} | {'type': 'log', 'text': '======== req load pdf =======:  {taxno: 10104022620000016, storebu: CDS, storeid: 10104, userBu: CDS, userLoc: 10104}', 'location': {'url': 'https://uat-etax-service.central.co.th/main-es2015.js', 'lineNumber': 13075, 'columnNumber': 20}, 'time': '2026-02-18T07:51:38.959Z'} | {'type': 'log', 'text': 'options=====::  {headers: Object}', 'location': {'url': 'https://uat-etax-service.central.co.th/main-es2015.js', 'lineNumber': 3136, 'columnNumber': 20}, 'time': '2026-02-18T07:51:39.179Z'} | {'type': 'log', 'text': '======== res load pdf =======:  {result: S, statusCode: 200, statusMessage: success, data: https://uatetaxsp.one.th/etaxdownload/clientdownlo…A86E1EA22C293BF04C2CD4D3B8569AFD04004D7E36E676160}', 'location': {'url': 'https://uat-etax-service.central.co.th/main-es2015.js', 'lineNumber': 13080, 'columnNumber': 28}, 'time': '2026-02-18T07:51:40.075Z'} ]</msg>
<msg time="2026-02-18T14:51:45.268281" level="INFO">&amp;{timeouts} = { browser=60s | api=80s | validation=40s | loading=180s | debug=1s }</msg>
<msg time="2026-02-18T14:51:45.268464" level="INFO">${True} = True</msg>
<doc>Logs all variables in the current scope with given log level.</doc>
<status status="PASS" start="2026-02-18T14:51:45.229185" elapsed="0.039459"/>
</kw>
<kw name="Run Keyword If" owner="BuiltIn">
<arg>'${TEST_STATUS}' != 'PASS'</arg>
<arg>Take Screenshot And Report Fail</arg>
<doc>Runs the given keyword with the given arguments, if ``condition`` is true.</doc>
<status status="PASS" start="2026-02-18T14:51:45.268916" elapsed="0.000727"/>
</kw>
<kw name="Run Keyword If" owner="BuiltIn">
<kw name="Take Screenshot And Report Pass" owner="config">
<kw name="Set Test Message" owner="BuiltIn">
<msg time="2026-02-18T14:51:45.272185" level="INFO">Set test message to:

- Pass All Steps</msg>
<arg>${\n}- Pass All Steps</arg>
<arg>append=True</arg>
<doc>Sets message for the current test case.</doc>
<status status="PASS" start="2026-02-18T14:51:45.271637" elapsed="0.000728"/>
</kw>
<kw name="Take Screenshot" owner="Browser">
<msg time="2026-02-18T14:51:45.377800" level="INFO" html="true">&lt;/td&gt;&lt;/tr&gt;&lt;tr&gt;&lt;td colspan="3"&gt;&lt;a href="browser/screenshot/Pass-None-None.png" target="_blank"&gt;&lt;img src="browser/screenshot/Pass-None-None.png" width="800px"/&gt;&lt;/a&gt;</msg>
<msg time="2026-02-18T14:51:45.378271" level="INFO">${path} = c:\Users\PongsakornMadsen\Automate\etax-ui-tests\browser\screenshot\Pass-None-None.png</msg>
<var>${path}</var>
<arg>filename=Pass-${GLOBAL_TEST_SUITE}-${GLOBAL_TEST_CASE}</arg>
<tag>PageContent</tag>
<doc>Takes a screenshot of the current window or element and saves it to disk.</doc>
<status status="PASS" start="2026-02-18T14:51:45.272612" elapsed="0.105829"/>
</kw>
<status status="PASS" start="2026-02-18T14:51:45.270839" elapsed="0.107816"/>
</kw>
<arg>'${TEST_STATUS}' == 'PASS'</arg>
<arg>Take Screenshot And Report Pass</arg>
<doc>Runs the given keyword with the given arguments, if ``condition`` is true.</doc>
<status status="PASS" start="2026-02-18T14:51:45.270036" elapsed="0.108755"/>
</kw>
<kw name="Close Browser" owner="Browser">
<msg time="2026-02-18T14:51:45.679403" level="INFO">Closed browser</msg>
<tag>BrowserControl</tag>
<tag>Setter</tag>
<doc>Closes the current browser.</doc>
<status status="PASS" start="2026-02-18T14:51:45.379028" elapsed="0.300644"/>
</kw>
<status status="PASS" start="2026-02-18T14:51:42.170249" elapsed="3.509556"/>
</kw>
<doc>Generate Credit Note For BU CDS</doc>
<tag>regression-creditnote</tag>
<status status="PASS" start="2026-02-18T14:51:08.490928" elapsed="37.189300">
- Pass All Steps</status>
</test>
<status status="PASS" start="2026-02-18T14:51:07.776765" elapsed="37.909711"/>
</suite>
<statistics>
<total>
<stat pass="1" fail="0" skip="0">All Tests</stat>
</total>
<tag>
<stat pass="1" fail="0" skip="0">regression-creditnote</stat>
</tag>
<suite>
<stat name="Regression" id="s1" pass="1" fail="0" skip="0">Regression</stat>
</suite>
</statistics>
<errors>
</errors>
</robot>
